#
# A fatal error has been detected by the Java Runtime Environment:
#
#  SIGSEGV (0xb) at pc=0x0000000040477f7f, pid=10766, tid=10767
#
# JRE version: OpenJDK Runtime Environment JBR-17.0.5+1-653.23-jcef (17.0.5+1) (build 17.0.5+1-b653.23)
# Java VM: OpenJDK 64-Bit Server VM JBR-17.0.5+1-653.23-jcef (17.0.5+1-b653.23, mixed mode, tiered, compressed oops, compressed class ptrs, g1 gc, linux-amd64)
# Problematic frame:
# C  0x0000000040477f7f
#
# Core dump will be written. Default location: Core dumps may be processed with "/usr/share/apport/apport -p%p -s%s -c%c -d%d -P%P -u%u -g%g -- %E" (or dumping to /home/raaid/IdeaProjects/GLTESTS/core.10766)
#
# If you would like to submit a bug report, please visit:
#   https://youtrack.jetbrains.com/issues/JBR
# The crash happened outside the Java Virtual Machine in native code.
# See problematic frame for where to report the bug.
#

---------------  S U M M A R Y ------------

Command Line: -Dfile.encoding=UTF-8 -Duser.country=ZA -Duser.language=en -Duser.variant org.example.Main

Host: AMD Ryzen 5 5600H with Radeon Graphics, 12 cores, 13G, Pop!_OS 22.04 LTS
Time: Wed Jan 25 14:56:03 2023 SAST elapsed time: 0.307986 seconds (0d 0h 0m 0s)

---------------  T H R E A D  ---------------

Current thread (0x00007f9a74026280):  JavaThread "main" [_thread_in_native, id=10767, stack(0x00007f9a7bd00000,0x00007f9a7be00000)]

Stack: [0x00007f9a7bd00000,0x00007f9a7be00000],  sp=0x00007f9a7bdfe728,  free space=1017k
Native frames: (J=compiled Java code, j=interpreted, Vv=VM code, C=native code)
C  0x0000000040477f7f

Java frames: (J=compiled Java code, j=interpreted, Vv=VM code)
j  org.lwjgl.opengl.GL11C.glDrawArrays(III)V+0
j  org.lwjgl.opengl.GL11.glDrawArrays(III)V+3
j  org.example.Main.main([Ljava/lang/String;)V+280
v  ~StubRoutines::call_stub

siginfo: si_signo: 11 (SIGSEGV), si_code: 1 (SEGV_MAPERR), si_addr: 0x0000000000000000

Register to memory mapping:

RAX=0x00007f9a4815ea00 points into unknown readable memory: 0x0000000000000000 | 00 00 00 00 00 00 00 00
RBX=0x0000000040802000 points into unknown readable memory: 0x00007f9a74587dc0 | c0 7d 58 74 9a 7f 00 00
RCX=0x0 is NULL
RDX=0x0000000000000003 is an unknown value
RSP=0x00007f9a7bdfe728 is pointing into the stack for thread: 0x00007f9a74026280
RBP=0x00007f9a7487ae60 points into unknown readable memory: 0x0000000000002000 | 00 20 00 00 00 00 00 00
RSI=0x0 is NULL
RDI=0x0 is NULL
R8 =0x00007f9a4815b000 points into unknown readable memory: 0x0000000000000000 | 00 00 00 00 00 00 00 00
R9 =0x0000000040477f40 points into unknown readable memory: 0x5c8948f8246c8948 | 48 89 6c 24 f8 48 89 5c
R10=0x00007f9a09c6ba60: <offset 0x000000000146ba60> in /lib/x86_64-linux-gnu/libnvidia-glcore.so.525.78.01 at 0x00007f9a08800000
R11=0x0 is NULL
R12=0x0000000000000003 is an unknown value
R13=0x0 is NULL
R14=0x0000000000000004 is an unknown value
R15=0x0000000040802000 points into unknown readable memory: 0x00007f9a74587dc0 | c0 7d 58 74 9a 7f 00 00


Registers:
RAX=0x00007f9a4815ea00, RBX=0x0000000040802000, RCX=0x0000000000000000, RDX=0x0000000000000003
RSP=0x00007f9a7bdfe728, RBP=0x00007f9a7487ae60, RSI=0x0000000000000000, RDI=0x0000000000000000
R8 =0x00007f9a4815b000, R9 =0x0000000040477f40, R10=0x00007f9a09c6ba60, R11=0x0000000000000000
R12=0x0000000000000003, R13=0x0000000000000000, R14=0x0000000000000004, R15=0x0000000040802000
RIP=0x0000000040477f7f, EFLAGS=0x0000000000010282, CSGSFS=0x002b000000000033, ERR=0x0000000000000004
  TRAPNO=0x000000000000000e

Top of Stack: (sp=0x00007f9a7bdfe728)
0x00007f9a7bdfe728:   00007f9a09dee7f7 0000000000000003
0x00007f9a7bdfe738:   00007f9a74b28fd8 0000000040802000
0x00007f9a7bdfe748:   0000000000000024 0000000000000004
0x00007f9a7bdfe758:   00007f9a4815ea00 0000000000000003 

Instructions: (pc=0x0000000040477f7f)
0x0000000040477e7f:   00 00 00 00 00 00 00 00 00 00 00 00 00 00 00 00
0x0000000040477e8f:   00 00 00 00 00 00 00 00 00 00 00 00 00 00 00 00
0x0000000040477e9f:   00 00 00 00 00 00 00 00 00 00 00 00 00 00 00 00
0x0000000040477eaf:   00 00 00 00 00 00 00 00 00 00 00 00 00 00 00 00
0x0000000040477ebf:   00 00 00 00 00 00 00 00 00 00 00 00 00 00 00 00
0x0000000040477ecf:   00 00 00 00 00 00 00 00 00 00 00 00 00 00 00 00
0x0000000040477edf:   00 00 00 00 00 00 00 00 00 00 00 00 00 00 00 00
0x0000000040477eef:   00 00 00 00 00 00 00 00 00 00 00 00 00 00 00 00
0x0000000040477eff:   00 00 00 00 00 00 00 00 00 00 00 00 00 00 00 00
0x0000000040477f0f:   00 00 00 00 00 00 00 00 00 00 00 00 00 00 00 00
0x0000000040477f1f:   00 00 00 00 00 00 00 00 00 00 00 00 00 00 00 00
0x0000000040477f2f:   00 00 00 00 00 00 00 00 00 80 ff ff ff 00 1f 00
0x0000000040477f3f:   00 48 89 6c 24 f8 48 89 5c 24 f0 48 89 74 24 e8
0x0000000040477f4f:   48 89 7c 24 e0 48 8b df 48 8b c6 4c 8b da 48 8b
0x0000000040477f5f:   d1 49 8b cb 48 be 68 9b 85 40 00 00 00 00 48 8b
0x0000000040477f6f:   36 48 8b b6 08 03 00 00 48 8d 3c 49 48 8d 34 be
0x0000000040477f7f:   8b 3e 8b 6e 04 89 38 89 68 04 8b 7e 08 89 78 08
0x0000000040477f8f:   48 83 c0 0c ff c1 ff ca 75 ca 48 8b 7c 24 e0 48
0x0000000040477f9f:   8b 74 24 e8 48 8b 5c 24 f0 48 8b 6c 24 f8 c3 00
0x0000000040477faf:   00 00 00 00 00 00 00 00 00 c0 ff ff ff 80 00 00
0x0000000040477fbf:   00 48 b8 d0 a0 89 40 00 00 00 00 48 8b 00 49 ba
0x0000000040477fcf:   60 e6 84 40 00 00 00 00 48 83 ec 28 48 83 c4 28
0x0000000040477fdf:   c3 00 00 00 00 00 00 00 00 00 00 00 00 00 00 00
0x0000000040477fef:   00 00 00 00 00 00 00 00 00 00 00 00 00 40 00 00
0x0000000040477fff:   00 ?? ?? ?? ?? ?? ?? ?? ?? ?? ?? ?? ?? ?? ?? ??
0x000000004047800f:   ?? ?? ?? ?? ?? ?? ?? ?? ?? ?? ?? ?? ?? ?? ?? ??
0x000000004047801f:   ?? ?? ?? ?? ?? ?? ?? ?? ?? ?? ?? ?? ?? ?? ?? ??
0x000000004047802f:   ?? ?? ?? ?? ?? ?? ?? ?? ?? ?? ?? ?? ?? ?? ?? ??
0x000000004047803f:   ?? ?? ?? ?? ?? ?? ?? ?? ?? ?? ?? ?? ?? ?? ?? ??
0x000000004047804f:   ?? ?? ?? ?? ?? ?? ?? ?? ?? ?? ?? ?? ?? ?? ?? ??
0x000000004047805f:   ?? ?? ?? ?? ?? ?? ?? ?? ?? ?? ?? ?? ?? ?? ?? ??
0x000000004047806f:   ?? ?? ?? ?? ?? ?? ?? ?? ?? ?? ?? ?? ?? ?? ?? ?? 


Stack slot to memory mapping:
stack at sp + 0 slots: 0x00007f9a09dee7f7: <offset 0x00000000015ee7f7> in /lib/x86_64-linux-gnu/libnvidia-glcore.so.525.78.01 at 0x00007f9a08800000
stack at sp + 1 slots: 0x0000000000000003 is an unknown value
stack at sp + 2 slots: 0x00007f9a74b28fd8 points into unknown readable memory: 0x0000000000000000 | 00 00 00 00 00 00 00 00
stack at sp + 3 slots: 0x0000000040802000 points into unknown readable memory: 0x00007f9a74587dc0 | c0 7d 58 74 9a 7f 00 00
stack at sp + 4 slots: 0x0000000000000024 is an unknown value
stack at sp + 5 slots: 0x0000000000000004 is an unknown value
stack at sp + 6 slots: 0x00007f9a4815ea00 points into unknown readable memory: 0x0000000000000000 | 00 00 00 00 00 00 00 00
stack at sp + 7 slots: 0x0000000000000003 is an unknown value


---------------  P R O C E S S  ---------------

Threads class SMR info:
_java_thread_list=0x00007f9a1c264fb0, length=12, elements={
0x00007f9a74026280, 0x00007f9a741d9520, 0x00007f9a741dab70, 0x00007f9a741ffa00,
0x00007f9a74200db0, 0x00007f9a742021c0, 0x00007f9a74203840, 0x00007f9a74204d20,
0x00007f9a74206190, 0x00007f9a742a72b0, 0x00007f9a742af3a0, 0x00007f9a1c263fc0
}

Java Threads: ( => current thread )
=>0x00007f9a74026280 JavaThread "main" [_thread_in_native, id=10767, stack(0x00007f9a7bd00000,0x00007f9a7be00000)]
  0x00007f9a741d9520 JavaThread "Reference Handler" daemon [_thread_blocked, id=10779, stack(0x00007f9a4b8f7000,0x00007f9a4b9f7000)]
  0x00007f9a741dab70 JavaThread "Finalizer" daemon [_thread_blocked, id=10780, stack(0x00007f9a4af00000,0x00007f9a4b000000)]
  0x00007f9a741ffa00 JavaThread "Signal Dispatcher" daemon [_thread_blocked, id=10781, stack(0x00007f9a49b00000,0x00007f9a49c00000)]
  0x00007f9a74200db0 JavaThread "Service Thread" daemon [_thread_blocked, id=10782, stack(0x00007f9a49a00000,0x00007f9a49b00000)]
  0x00007f9a742021c0 JavaThread "Monitor Deflation Thread" daemon [_thread_blocked, id=10783, stack(0x00007f9a49900000,0x00007f9a49a00000)]
  0x00007f9a74203840 JavaThread "C2 CompilerThread0" daemon [_thread_blocked, id=10784, stack(0x00007f9a49800000,0x00007f9a49900000)]
  0x00007f9a74204d20 JavaThread "C1 CompilerThread0" daemon [_thread_blocked, id=10785, stack(0x00007f9a49700000,0x00007f9a49800000)]
  0x00007f9a74206190 JavaThread "Sweeper thread" daemon [_thread_blocked, id=10786, stack(0x00007f9a49600000,0x00007f9a49700000)]
  0x00007f9a742a72b0 JavaThread "Notification Thread" daemon [_thread_blocked, id=10788, stack(0x00007f9a49500000,0x00007f9a49600000)]
  0x00007f9a742af3a0 JavaThread "Common-Cleaner" daemon [_thread_blocked, id=10790, stack(0x00007f9a492fe000,0x00007f9a493fe000)]
  0x00007f9a1c263fc0 JavaThread "C2 CompilerThread1" daemon [_thread_blocked, id=10791, stack(0x00007f9a48f00000,0x00007f9a49000000)]

Other Threads:
  0x00007f9a74189770 VMThread "VM Thread" [stack: 0x00007f9a4b9f9000,0x00007f9a4baf9000] [id=10778]
  0x00007f9a74233bc0 WatcherThread [stack: 0x00007f9a49400000,0x00007f9a49500000] [id=10789]
  0x00007f9a74087ed0 GCTaskThread "GC Thread#0" [stack: 0x00007f9a78473000,0x00007f9a78573000] [id=10769]
  0x00007f9a74096ca0 ConcurrentGCThread "G1 Main Marker" [stack: 0x00007f9a78371000,0x00007f9a78471000] [id=10771]
  0x00007f9a74097c00 ConcurrentGCThread "G1 Conc#0" [stack: 0x00007f9a7826f000,0x00007f9a7836f000] [id=10772]
  0x00007f9a74142e50 ConcurrentGCThread "G1 Refine#0" [stack: 0x00007f9a4bbfd000,0x00007f9a4bcfd000] [id=10774]
  0x00007f9a74143d40 ConcurrentGCThread "G1 Service" [stack: 0x00007f9a4bafb000,0x00007f9a4bbfb000] [id=10776]

Threads with active compile tasks:

VM state: not at safepoint (normal execution)

VM Mutex/Monitor currently owned by a thread: None

Heap address: 0x0000000727c00000, size: 3460 MB, Compressed Oops mode: Zero based, Oop shift amount: 3

CDS archive(s) not mapped
Compressed class space mapped at: 0x0000000800000000-0x0000000840000000, reserved size: 1073741824
Narrow klass base: 0x0000000800000000, Narrow klass shift: 0, Narrow klass range: 0x40000000

GC Precious Log:
 CPUs: 12 total, 12 available
 Memory: 13833M
 Large Page Support: Disabled
 NUMA Support: Disabled
 Compressed Oops: Enabled (Zero based)
 Heap Region Size: 2M
 Heap Min Capacity: 8M
 Heap Initial Capacity: 218M
 Heap Max Capacity: 3460M
 Pre-touch: Disabled
 Parallel Workers: 10
 Concurrent Workers: 3
 Concurrent Refinement Workers: 10
 Periodic GC: Disabled

Heap:
 garbage-first heap   total 223232K, used 6144K [0x0000000727c00000, 0x0000000800000000)
  region size 2048K, 5 young (10240K), 0 survivors (0K)
 Metaspace       used 10178K, committed 10368K, reserved 1064960K
  class space    used 771K, committed 896K, reserved 1048576K

Heap Regions: E=young(eden), S=young(survivor), O=old, HS=humongous(starts), HC=humongous(continues), CS=collection set, F=free, OA=open archive, CA=closed archive, TAMS=top-at-mark-start (previous, next)
|   0|0x0000000727c00000, 0x0000000727c00000, 0x0000000727e00000|  0%| F|  |TAMS 0x0000000727c00000, 0x0000000727c00000| Untracked 
|   1|0x0000000727e00000, 0x0000000727e00000, 0x0000000728000000|  0%| F|  |TAMS 0x0000000727e00000, 0x0000000727e00000| Untracked 
|   2|0x0000000728000000, 0x0000000728000000, 0x0000000728200000|  0%| F|  |TAMS 0x0000000728000000, 0x0000000728000000| Untracked 
|   3|0x0000000728200000, 0x0000000728200000, 0x0000000728400000|  0%| F|  |TAMS 0x0000000728200000, 0x0000000728200000| Untracked 
|   4|0x0000000728400000, 0x0000000728400000, 0x0000000728600000|  0%| F|  |TAMS 0x0000000728400000, 0x0000000728400000| Untracked 
|   5|0x0000000728600000, 0x0000000728600000, 0x0000000728800000|  0%| F|  |TAMS 0x0000000728600000, 0x0000000728600000| Untracked 
|   6|0x0000000728800000, 0x0000000728800000, 0x0000000728a00000|  0%| F|  |TAMS 0x0000000728800000, 0x0000000728800000| Untracked 
|   7|0x0000000728a00000, 0x0000000728a00000, 0x0000000728c00000|  0%| F|  |TAMS 0x0000000728a00000, 0x0000000728a00000| Untracked 
|   8|0x0000000728c00000, 0x0000000728c00000, 0x0000000728e00000|  0%| F|  |TAMS 0x0000000728c00000, 0x0000000728c00000| Untracked 
|   9|0x0000000728e00000, 0x0000000728e00000, 0x0000000729000000|  0%| F|  |TAMS 0x0000000728e00000, 0x0000000728e00000| Untracked 
|  10|0x0000000729000000, 0x0000000729000000, 0x0000000729200000|  0%| F|  |TAMS 0x0000000729000000, 0x0000000729000000| Untracked 
|  11|0x0000000729200000, 0x0000000729200000, 0x0000000729400000|  0%| F|  |TAMS 0x0000000729200000, 0x0000000729200000| Untracked 
|  12|0x0000000729400000, 0x0000000729400000, 0x0000000729600000|  0%| F|  |TAMS 0x0000000729400000, 0x0000000729400000| Untracked 
|  13|0x0000000729600000, 0x0000000729600000, 0x0000000729800000|  0%| F|  |TAMS 0x0000000729600000, 0x0000000729600000| Untracked 
|  14|0x0000000729800000, 0x0000000729800000, 0x0000000729a00000|  0%| F|  |TAMS 0x0000000729800000, 0x0000000729800000| Untracked 
|  15|0x0000000729a00000, 0x0000000729a00000, 0x0000000729c00000|  0%| F|  |TAMS 0x0000000729a00000, 0x0000000729a00000| Untracked 
|  16|0x0000000729c00000, 0x0000000729c00000, 0x0000000729e00000|  0%| F|  |TAMS 0x0000000729c00000, 0x0000000729c00000| Untracked 
|  17|0x0000000729e00000, 0x0000000729e00000, 0x000000072a000000|  0%| F|  |TAMS 0x0000000729e00000, 0x0000000729e00000| Untracked 
|  18|0x000000072a000000, 0x000000072a000000, 0x000000072a200000|  0%| F|  |TAMS 0x000000072a000000, 0x000000072a000000| Untracked 
|  19|0x000000072a200000, 0x000000072a200000, 0x000000072a400000|  0%| F|  |TAMS 0x000000072a200000, 0x000000072a200000| Untracked 
|  20|0x000000072a400000, 0x000000072a400000, 0x000000072a600000|  0%| F|  |TAMS 0x000000072a400000, 0x000000072a400000| Untracked 
|  21|0x000000072a600000, 0x000000072a600000, 0x000000072a800000|  0%| F|  |TAMS 0x000000072a600000, 0x000000072a600000| Untracked 
|  22|0x000000072a800000, 0x000000072a800000, 0x000000072aa00000|  0%| F|  |TAMS 0x000000072a800000, 0x000000072a800000| Untracked 
|  23|0x000000072aa00000, 0x000000072aa00000, 0x000000072ac00000|  0%| F|  |TAMS 0x000000072aa00000, 0x000000072aa00000| Untracked 
|  24|0x000000072ac00000, 0x000000072ac00000, 0x000000072ae00000|  0%| F|  |TAMS 0x000000072ac00000, 0x000000072ac00000| Untracked 
|  25|0x000000072ae00000, 0x000000072ae00000, 0x000000072b000000|  0%| F|  |TAMS 0x000000072ae00000, 0x000000072ae00000| Untracked 
|  26|0x000000072b000000, 0x000000072b000000, 0x000000072b200000|  0%| F|  |TAMS 0x000000072b000000, 0x000000072b000000| Untracked 
|  27|0x000000072b200000, 0x000000072b200000, 0x000000072b400000|  0%| F|  |TAMS 0x000000072b200000, 0x000000072b200000| Untracked 
|  28|0x000000072b400000, 0x000000072b400000, 0x000000072b600000|  0%| F|  |TAMS 0x000000072b400000, 0x000000072b400000| Untracked 
|  29|0x000000072b600000, 0x000000072b600000, 0x000000072b800000|  0%| F|  |TAMS 0x000000072b600000, 0x000000072b600000| Untracked 
|  30|0x000000072b800000, 0x000000072b800000, 0x000000072ba00000|  0%| F|  |TAMS 0x000000072b800000, 0x000000072b800000| Untracked 
|  31|0x000000072ba00000, 0x000000072ba00000, 0x000000072bc00000|  0%| F|  |TAMS 0x000000072ba00000, 0x000000072ba00000| Untracked 
|  32|0x000000072bc00000, 0x000000072bc00000, 0x000000072be00000|  0%| F|  |TAMS 0x000000072bc00000, 0x000000072bc00000| Untracked 
|  33|0x000000072be00000, 0x000000072be00000, 0x000000072c000000|  0%| F|  |TAMS 0x000000072be00000, 0x000000072be00000| Untracked 
|  34|0x000000072c000000, 0x000000072c000000, 0x000000072c200000|  0%| F|  |TAMS 0x000000072c000000, 0x000000072c000000| Untracked 
|  35|0x000000072c200000, 0x000000072c200000, 0x000000072c400000|  0%| F|  |TAMS 0x000000072c200000, 0x000000072c200000| Untracked 
|  36|0x000000072c400000, 0x000000072c400000, 0x000000072c600000|  0%| F|  |TAMS 0x000000072c400000, 0x000000072c400000| Untracked 
|  37|0x000000072c600000, 0x000000072c600000, 0x000000072c800000|  0%| F|  |TAMS 0x000000072c600000, 0x000000072c600000| Untracked 
|  38|0x000000072c800000, 0x000000072c800000, 0x000000072ca00000|  0%| F|  |TAMS 0x000000072c800000, 0x000000072c800000| Untracked 
|  39|0x000000072ca00000, 0x000000072ca00000, 0x000000072cc00000|  0%| F|  |TAMS 0x000000072ca00000, 0x000000072ca00000| Untracked 
|  40|0x000000072cc00000, 0x000000072cc00000, 0x000000072ce00000|  0%| F|  |TAMS 0x000000072cc00000, 0x000000072cc00000| Untracked 
|  41|0x000000072ce00000, 0x000000072ce00000, 0x000000072d000000|  0%| F|  |TAMS 0x000000072ce00000, 0x000000072ce00000| Untracked 
|  42|0x000000072d000000, 0x000000072d000000, 0x000000072d200000|  0%| F|  |TAMS 0x000000072d000000, 0x000000072d000000| Untracked 
|  43|0x000000072d200000, 0x000000072d200000, 0x000000072d400000|  0%| F|  |TAMS 0x000000072d200000, 0x000000072d200000| Untracked 
|  44|0x000000072d400000, 0x000000072d400000, 0x000000072d600000|  0%| F|  |TAMS 0x000000072d400000, 0x000000072d400000| Untracked 
|  45|0x000000072d600000, 0x000000072d600000, 0x000000072d800000|  0%| F|  |TAMS 0x000000072d600000, 0x000000072d600000| Untracked 
|  46|0x000000072d800000, 0x000000072d800000, 0x000000072da00000|  0%| F|  |TAMS 0x000000072d800000, 0x000000072d800000| Untracked 
|  47|0x000000072da00000, 0x000000072da00000, 0x000000072dc00000|  0%| F|  |TAMS 0x000000072da00000, 0x000000072da00000| Untracked 
|  48|0x000000072dc00000, 0x000000072dc00000, 0x000000072de00000|  0%| F|  |TAMS 0x000000072dc00000, 0x000000072dc00000| Untracked 
|  49|0x000000072de00000, 0x000000072de00000, 0x000000072e000000|  0%| F|  |TAMS 0x000000072de00000, 0x000000072de00000| Untracked 
|  50|0x000000072e000000, 0x000000072e000000, 0x000000072e200000|  0%| F|  |TAMS 0x000000072e000000, 0x000000072e000000| Untracked 
|  51|0x000000072e200000, 0x000000072e200000, 0x000000072e400000|  0%| F|  |TAMS 0x000000072e200000, 0x000000072e200000| Untracked 
|  52|0x000000072e400000, 0x000000072e400000, 0x000000072e600000|  0%| F|  |TAMS 0x000000072e400000, 0x000000072e400000| Untracked 
|  53|0x000000072e600000, 0x000000072e600000, 0x000000072e800000|  0%| F|  |TAMS 0x000000072e600000, 0x000000072e600000| Untracked 
|  54|0x000000072e800000, 0x000000072e800000, 0x000000072ea00000|  0%| F|  |TAMS 0x000000072e800000, 0x000000072e800000| Untracked 
|  55|0x000000072ea00000, 0x000000072ea00000, 0x000000072ec00000|  0%| F|  |TAMS 0x000000072ea00000, 0x000000072ea00000| Untracked 
|  56|0x000000072ec00000, 0x000000072ec00000, 0x000000072ee00000|  0%| F|  |TAMS 0x000000072ec00000, 0x000000072ec00000| Untracked 
|  57|0x000000072ee00000, 0x000000072ee00000, 0x000000072f000000|  0%| F|  |TAMS 0x000000072ee00000, 0x000000072ee00000| Untracked 
|  58|0x000000072f000000, 0x000000072f000000, 0x000000072f200000|  0%| F|  |TAMS 0x000000072f000000, 0x000000072f000000| Untracked 
|  59|0x000000072f200000, 0x000000072f200000, 0x000000072f400000|  0%| F|  |TAMS 0x000000072f200000, 0x000000072f200000| Untracked 
|  60|0x000000072f400000, 0x000000072f400000, 0x000000072f600000|  0%| F|  |TAMS 0x000000072f400000, 0x000000072f400000| Untracked 
|  61|0x000000072f600000, 0x000000072f600000, 0x000000072f800000|  0%| F|  |TAMS 0x000000072f600000, 0x000000072f600000| Untracked 
|  62|0x000000072f800000, 0x000000072f800000, 0x000000072fa00000|  0%| F|  |TAMS 0x000000072f800000, 0x000000072f800000| Untracked 
|  63|0x000000072fa00000, 0x000000072fa00000, 0x000000072fc00000|  0%| F|  |TAMS 0x000000072fa00000, 0x000000072fa00000| Untracked 
|  64|0x000000072fc00000, 0x000000072fc00000, 0x000000072fe00000|  0%| F|  |TAMS 0x000000072fc00000, 0x000000072fc00000| Untracked 
|  65|0x000000072fe00000, 0x000000072fe00000, 0x0000000730000000|  0%| F|  |TAMS 0x000000072fe00000, 0x000000072fe00000| Untracked 
|  66|0x0000000730000000, 0x0000000730000000, 0x0000000730200000|  0%| F|  |TAMS 0x0000000730000000, 0x0000000730000000| Untracked 
|  67|0x0000000730200000, 0x0000000730200000, 0x0000000730400000|  0%| F|  |TAMS 0x0000000730200000, 0x0000000730200000| Untracked 
|  68|0x0000000730400000, 0x0000000730400000, 0x0000000730600000|  0%| F|  |TAMS 0x0000000730400000, 0x0000000730400000| Untracked 
|  69|0x0000000730600000, 0x0000000730600000, 0x0000000730800000|  0%| F|  |TAMS 0x0000000730600000, 0x0000000730600000| Untracked 
|  70|0x0000000730800000, 0x0000000730800000, 0x0000000730a00000|  0%| F|  |TAMS 0x0000000730800000, 0x0000000730800000| Untracked 
|  71|0x0000000730a00000, 0x0000000730a00000, 0x0000000730c00000|  0%| F|  |TAMS 0x0000000730a00000, 0x0000000730a00000| Untracked 
|  72|0x0000000730c00000, 0x0000000730c00000, 0x0000000730e00000|  0%| F|  |TAMS 0x0000000730c00000, 0x0000000730c00000| Untracked 
|  73|0x0000000730e00000, 0x0000000730e00000, 0x0000000731000000|  0%| F|  |TAMS 0x0000000730e00000, 0x0000000730e00000| Untracked 
|  74|0x0000000731000000, 0x0000000731000000, 0x0000000731200000|  0%| F|  |TAMS 0x0000000731000000, 0x0000000731000000| Untracked 
|  75|0x0000000731200000, 0x0000000731200000, 0x0000000731400000|  0%| F|  |TAMS 0x0000000731200000, 0x0000000731200000| Untracked 
|  76|0x0000000731400000, 0x0000000731400000, 0x0000000731600000|  0%| F|  |TAMS 0x0000000731400000, 0x0000000731400000| Untracked 
|  77|0x0000000731600000, 0x0000000731600000, 0x0000000731800000|  0%| F|  |TAMS 0x0000000731600000, 0x0000000731600000| Untracked 
|  78|0x0000000731800000, 0x0000000731800000, 0x0000000731a00000|  0%| F|  |TAMS 0x0000000731800000, 0x0000000731800000| Untracked 
|  79|0x0000000731a00000, 0x0000000731a00000, 0x0000000731c00000|  0%| F|  |TAMS 0x0000000731a00000, 0x0000000731a00000| Untracked 
|  80|0x0000000731c00000, 0x0000000731c00000, 0x0000000731e00000|  0%| F|  |TAMS 0x0000000731c00000, 0x0000000731c00000| Untracked 
|  81|0x0000000731e00000, 0x0000000731e00000, 0x0000000732000000|  0%| F|  |TAMS 0x0000000731e00000, 0x0000000731e00000| Untracked 
|  82|0x0000000732000000, 0x0000000732000000, 0x0000000732200000|  0%| F|  |TAMS 0x0000000732000000, 0x0000000732000000| Untracked 
|  83|0x0000000732200000, 0x0000000732200000, 0x0000000732400000|  0%| F|  |TAMS 0x0000000732200000, 0x0000000732200000| Untracked 
|  84|0x0000000732400000, 0x0000000732400000, 0x0000000732600000|  0%| F|  |TAMS 0x0000000732400000, 0x0000000732400000| Untracked 
|  85|0x0000000732600000, 0x0000000732600000, 0x0000000732800000|  0%| F|  |TAMS 0x0000000732600000, 0x0000000732600000| Untracked 
|  86|0x0000000732800000, 0x0000000732800000, 0x0000000732a00000|  0%| F|  |TAMS 0x0000000732800000, 0x0000000732800000| Untracked 
|  87|0x0000000732a00000, 0x0000000732a00000, 0x0000000732c00000|  0%| F|  |TAMS 0x0000000732a00000, 0x0000000732a00000| Untracked 
|  88|0x0000000732c00000, 0x0000000732c00000, 0x0000000732e00000|  0%| F|  |TAMS 0x0000000732c00000, 0x0000000732c00000| Untracked 
|  89|0x0000000732e00000, 0x0000000732e00000, 0x0000000733000000|  0%| F|  |TAMS 0x0000000732e00000, 0x0000000732e00000| Untracked 
|  90|0x0000000733000000, 0x0000000733000000, 0x0000000733200000|  0%| F|  |TAMS 0x0000000733000000, 0x0000000733000000| Untracked 
|  91|0x0000000733200000, 0x0000000733200000, 0x0000000733400000|  0%| F|  |TAMS 0x0000000733200000, 0x0000000733200000| Untracked 
|  92|0x0000000733400000, 0x0000000733400000, 0x0000000733600000|  0%| F|  |TAMS 0x0000000733400000, 0x0000000733400000| Untracked 
|  93|0x0000000733600000, 0x0000000733600000, 0x0000000733800000|  0%| F|  |TAMS 0x0000000733600000, 0x0000000733600000| Untracked 
|  94|0x0000000733800000, 0x0000000733800000, 0x0000000733a00000|  0%| F|  |TAMS 0x0000000733800000, 0x0000000733800000| Untracked 
|  95|0x0000000733a00000, 0x0000000733a00000, 0x0000000733c00000|  0%| F|  |TAMS 0x0000000733a00000, 0x0000000733a00000| Untracked 
|  96|0x0000000733c00000, 0x0000000733c00000, 0x0000000733e00000|  0%| F|  |TAMS 0x0000000733c00000, 0x0000000733c00000| Untracked 
|  97|0x0000000733e00000, 0x0000000733e00000, 0x0000000734000000|  0%| F|  |TAMS 0x0000000733e00000, 0x0000000733e00000| Untracked 
|  98|0x0000000734000000, 0x0000000734000000, 0x0000000734200000|  0%| F|  |TAMS 0x0000000734000000, 0x0000000734000000| Untracked 
|  99|0x0000000734200000, 0x0000000734200000, 0x0000000734400000|  0%| F|  |TAMS 0x0000000734200000, 0x0000000734200000| Untracked 
| 100|0x0000000734400000, 0x0000000734400000, 0x0000000734600000|  0%| F|  |TAMS 0x0000000734400000, 0x0000000734400000| Untracked 
| 101|0x0000000734600000, 0x0000000734600000, 0x0000000734800000|  0%| F|  |TAMS 0x0000000734600000, 0x0000000734600000| Untracked 
| 102|0x0000000734800000, 0x0000000734800000, 0x0000000734a00000|  0%| F|  |TAMS 0x0000000734800000, 0x0000000734800000| Untracked 
| 103|0x0000000734a00000, 0x0000000734a00000, 0x0000000734c00000|  0%| F|  |TAMS 0x0000000734a00000, 0x0000000734a00000| Untracked 
| 104|0x0000000734c00000, 0x0000000734c72e60, 0x0000000734e00000| 22%| E|  |TAMS 0x0000000734c00000, 0x0000000734c00000| Complete 
| 105|0x0000000734e00000, 0x0000000735000000, 0x0000000735000000|100%| E|CS|TAMS 0x0000000734e00000, 0x0000000734e00000| Complete 
| 106|0x0000000735000000, 0x0000000735200000, 0x0000000735200000|100%| E|  |TAMS 0x0000000735000000, 0x0000000735000000| Complete 
| 107|0x0000000735200000, 0x0000000735400000, 0x0000000735400000|100%| E|CS|TAMS 0x0000000735200000, 0x0000000735200000| Complete 
| 108|0x0000000735400000, 0x0000000735600000, 0x0000000735600000|100%| E|CS|TAMS 0x0000000735400000, 0x0000000735400000| Complete 

Card table byte_map: [0x00007f9a78573000,0x00007f9a78c35000] _byte_map_base: 0x00007f9a74c35000

Marking Bits (Prev, Next): (CMBitMap*) 0x00007f9a74088950, (CMBitMap*) 0x00007f9a74088990
 Prev Bits: [0x00007f9a5db2e000, 0x00007f9a6113e000)
 Next Bits: [0x00007f9a5a51e000, 0x00007f9a5db2e000)

Polling page: 0x00007f9a7c16c000

Metaspace:

Usage:
  Non-class:      9.19 MB used.
      Class:    771.81 KB used.
       Both:      9.94 MB used.

Virtual space:
  Non-class space:       16.00 MB reserved,       9.25 MB ( 58%) committed,  2 nodes.
      Class space:        1.00 GB reserved,     896.00 KB ( <1%) committed,  1 nodes.
             Both:        1.02 GB reserved,      10.12 MB ( <1%) committed. 

Chunk freelists:
   Non-Class:  2.69 MB
       Class:  3.17 MB
        Both:  5.86 MB

MaxMetaspaceSize: unlimited
CompressedClassSpaceSize: 1.00 GB
Initial GC threshold: 21.00 MB
Current GC threshold: 21.00 MB
CDS: off
MetaspaceReclaimPolicy: balanced
 - commit_granule_bytes: 65536.
 - commit_granule_words: 8192.
 - virtual_space_node_default_size: 1048576.
 - enlarge_chunks_in_place: 1.
 - new_chunks_are_fully_committed: 0.
 - uncommit_free_chunks: 1.
 - use_allocation_guard: 0.
 - handle_deallocations: 1.


Internal statistics:

num_allocs_failed_limit: 0.
num_arena_births: 62.
num_arena_deaths: 0.
num_vsnodes_births: 3.
num_vsnodes_deaths: 0.
num_space_committed: 160.
num_space_uncommitted: 0.
num_chunks_returned_to_freelist: 0.
num_chunks_taken_from_freelist: 164.
num_chunk_merges: 0.
num_chunk_splits: 103.
num_chunks_enlarged: 70.
num_purges: 0.
num_inconsistent_stats: 0.

CodeHeap 'non-profiled nmethods': size=120028Kb used=169Kb max_used=169Kb free=119859Kb
 bounds [0x00007f9a692c9000, 0x00007f9a69539000, 0x00007f9a70800000]
CodeHeap 'profiled nmethods': size=120028Kb used=853Kb max_used=853Kb free=119175Kb
 bounds [0x00007f9a61d92000, 0x00007f9a62002000, 0x00007f9a692c9000]
CodeHeap 'non-nmethods': size=5704Kb used=1573Kb max_used=1588Kb free=4130Kb
 bounds [0x00007f9a61800000, 0x00007f9a61a70000, 0x00007f9a61d92000]
 total_blobs=1534 nmethods=535 adapters=913
 compilation: enabled
              stopped_count=0, restarted_count=0
 full_count=0

Compilation events (20 events):
Event: 0.298 Thread 0x00007f9a74204d20  526       3       java.io.InputStream::<init> (5 bytes)
Event: 0.298 Thread 0x00007f9a74204d20 nmethod 526 0x00007f9a61e63610 code [0x00007f9a61e637c0, 0x00007f9a61e63910]
Event: 0.303 Thread 0x00007f9a74204d20  527       3       java.lang.StringConcatHelper::stringOf (20 bytes)
Event: 0.303 Thread 0x00007f9a74204d20 nmethod 527 0x00007f9a61e63a10 code [0x00007f9a61e63bc0, 0x00007f9a61e63e00]
Event: 0.303 Thread 0x00007f9a74204d20  528       3       java.lang.StringConcatHelper::mix (27 bytes)
Event: 0.303 Thread 0x00007f9a74203840  532       4       java.util.Arrays::copyOfRange (64 bytes)
Event: 0.303 Thread 0x00007f9a74204d20 nmethod 528 0x00007f9a61e63f10 code [0x00007f9a61e640e0, 0x00007f9a61e64500]
Event: 0.303 Thread 0x00007f9a74204d20  533       3       java.lang.String::indexOf (18 bytes)
Event: 0.303 Thread 0x00007f9a74204d20 nmethod 533 0x00007f9a61e64710 code [0x00007f9a61e648e0, 0x00007f9a61e64ba0]
Event: 0.303 Thread 0x00007f9a74204d20  529       3       java.lang.StringConcatHelper::checkOverflow (17 bytes)
Event: 0.303 Thread 0x00007f9a74204d20 nmethod 529 0x00007f9a61e64d10 code [0x00007f9a61e64ec0, 0x00007f9a61e650a0]
Event: 0.303 Thread 0x00007f9a74204d20  535       3       java.net.URLStreamHandler::setURL (73 bytes)
Event: 0.304 Thread 0x00007f9a74204d20 nmethod 535 0x00007f9a61e65190 code [0x00007f9a61e65480, 0x00007f9a61e662b0]
Event: 0.304 Thread 0x00007f9a74204d20  530       3       java.lang.StringConcatHelper::prepend (37 bytes)
Event: 0.304 Thread 0x00007f9a74204d20 nmethod 530 0x00007f9a61e66810 code [0x00007f9a61e669e0, 0x00007f9a61e66cb0]
Event: 0.304 Thread 0x00007f9a74204d20  531       3       java.lang.String::getBytes (44 bytes)
Event: 0.304 Thread 0x00007f9a74204d20 nmethod 531 0x00007f9a61e66e10 code [0x00007f9a61e66fe0, 0x00007f9a61e672d0]
Event: 0.304 Thread 0x00007f9a74204d20  534       1       java.lang.NamedPackage::module (5 bytes)
Event: 0.304 Thread 0x00007f9a74204d20 nmethod 534 0x00007f9a692f2b90 code [0x00007f9a692f2d20, 0x00007f9a692f2df0]
Event: 0.304 Thread 0x00007f9a74203840 nmethod 532 0x00007f9a692f2e90 code [0x00007f9a692f3020, 0x00007f9a692f32f8]

GC Heap History (0 events):
No events

Dll operation events (7 events):
Event: 0.001 Loaded shared library /home/raaid/Downloads/idea/jbr/lib/libjava.so
Event: 0.056 Loaded shared library /home/raaid/Downloads/idea/jbr/lib/libnio.so
Event: 0.062 Loaded shared library /home/raaid/Downloads/idea/jbr/lib/libzip.so
Event: 0.107 Loaded shared library /home/raaid/Downloads/idea/jbr/lib/libjimage.so
Event: 0.113 Loaded shared library /home/raaid/Downloads/idea/jbr/lib/libnet.so
Event: 0.118 Loaded shared library /tmp/lwjgl_raaid/3.3.2-snapshot+8/x64/liblwjgl.so
Event: 0.249 Loaded shared library /tmp/lwjgl_raaid/3.3.2-snapshot+8/x64/liblwjgl_opengl.so

Deoptimization events (20 events):
Event: 0.165 Thread 0x00007f9a74026280 DEOPT PACKING pc=0x00007f9a61e03dba sp=0x00007f9a7bdfdad0
Event: 0.165 Thread 0x00007f9a74026280 DEOPT UNPACKING pc=0x00007f9a6185282f sp=0x00007f9a7bdfcf68 mode 0
Event: 0.165 Thread 0x00007f9a74026280 DEOPT PACKING pc=0x00007f9a61e03c72 sp=0x00007f9a7bdfdad0
Event: 0.165 Thread 0x00007f9a74026280 DEOPT UNPACKING pc=0x00007f9a6185282f sp=0x00007f9a7bdfcf68 mode 0
Event: 0.165 Thread 0x00007f9a74026280 DEOPT PACKING pc=0x00007f9a61e03c72 sp=0x00007f9a7bdfdad0
Event: 0.165 Thread 0x00007f9a74026280 DEOPT UNPACKING pc=0x00007f9a6185282f sp=0x00007f9a7bdfcf68 mode 0
Event: 0.165 Thread 0x00007f9a74026280 DEOPT PACKING pc=0x00007f9a61e03c72 sp=0x00007f9a7bdfdad0
Event: 0.165 Thread 0x00007f9a74026280 DEOPT UNPACKING pc=0x00007f9a6185282f sp=0x00007f9a7bdfcf68 mode 0
Event: 0.165 Thread 0x00007f9a74026280 DEOPT PACKING pc=0x00007f9a61e03c72 sp=0x00007f9a7bdfdad0
Event: 0.165 Thread 0x00007f9a74026280 DEOPT UNPACKING pc=0x00007f9a6185282f sp=0x00007f9a7bdfcf68 mode 0
Event: 0.165 Thread 0x00007f9a74026280 DEOPT PACKING pc=0x00007f9a61e03dba sp=0x00007f9a7bdfdad0
Event: 0.165 Thread 0x00007f9a74026280 DEOPT UNPACKING pc=0x00007f9a6185282f sp=0x00007f9a7bdfcf68 mode 0
Event: 0.165 Thread 0x00007f9a74026280 DEOPT PACKING pc=0x00007f9a61e03c72 sp=0x00007f9a7bdfdad0
Event: 0.165 Thread 0x00007f9a74026280 DEOPT UNPACKING pc=0x00007f9a6185282f sp=0x00007f9a7bdfcf68 mode 0
Event: 0.165 Thread 0x00007f9a74026280 DEOPT PACKING pc=0x00007f9a61e03c72 sp=0x00007f9a7bdfdad0
Event: 0.165 Thread 0x00007f9a74026280 DEOPT UNPACKING pc=0x00007f9a6185282f sp=0x00007f9a7bdfcf68 mode 0
Event: 0.165 Thread 0x00007f9a74026280 DEOPT PACKING pc=0x00007f9a61e03c72 sp=0x00007f9a7bdfdad0
Event: 0.165 Thread 0x00007f9a74026280 DEOPT UNPACKING pc=0x00007f9a6185282f sp=0x00007f9a7bdfcf68 mode 0
Event: 0.250 Thread 0x00007f9a74026280 DEOPT PACKING pc=0x00007f9a61db6d6e sp=0x00007f9a7bdfd250
Event: 0.250 Thread 0x00007f9a74026280 DEOPT UNPACKING pc=0x00007f9a6185282f sp=0x00007f9a7bdfc6c0 mode 0

Classes unloaded (0 events):
No events

Classes redefined (0 events):
No events

Internal exceptions (16 events):
Event: 0.098 Thread 0x00007f9a74026280 Exception <a 'java/lang/NoSuchMethodError'{0x00000007353012d0}: 'void java.lang.invoke.DirectMethodHandle$Holder.invokeStatic(java.lang.Object, java.lang.Object)'> (0x00000007353012d0) 
thrown [src/hotspot/share/interpreter/linkResolver.cpp, line 771]
Event: 0.099 Thread 0x00007f9a74026280 Exception <a 'java/lang/NoSuchMethodError'{0x0000000735306be8}: 'void java.lang.invoke.DirectMethodHandle$Holder.invokeSpecial(java.lang.Object, java.lang.Object, java.lang.Object)'> (0x0000000735306be8) 
thrown [src/hotspot/share/interpreter/linkResolver.cpp, line 771]
Event: 0.101 Thread 0x00007f9a74026280 Exception <a 'java/lang/NoSuchMethodError'{0x0000000735319f48}: 'java.lang.Object java.lang.invoke.DirectMethodHandle$Holder.invokeStatic(java.lang.Object, java.lang.Object, int)'> (0x0000000735319f48) 
thrown [src/hotspot/share/interpreter/linkResolver.cpp, line 771]
Event: 0.102 Thread 0x00007f9a74026280 Exception <a 'java/lang/NoSuchMethodError'{0x0000000735325cb8}: 'void java.lang.invoke.DelegatingMethodHandle$Holder.delegate(java.lang.Object, java.lang.Object, int, java.lang.Object)'> (0x0000000735325cb8) 
thrown [src/hotspot/share/interpreter/linkResolver.cpp, line 771]
Event: 0.102 Thread 0x00007f9a74026280 Exception <a 'java/lang/NoSuchMethodError'{0x0000000735329ef8}: 'int java.lang.invoke.DirectMethodHandle$Holder.invokeSpecial(java.lang.Object, java.lang.Object, java.lang.Object)'> (0x0000000735329ef8) 
thrown [src/hotspot/share/interpreter/linkResolver.cpp, line 771]
Event: 0.118 Thread 0x00007f9a74026280 Exception <a 'sun/nio/fs/UnixException'{0x00000007353a2a70}> (0x00000007353a2a70) 
thrown [src/hotspot/share/prims/jni.cpp, line 517]
Event: 0.150 Thread 0x00007f9a74026280 Exception <a 'sun/nio/fs/UnixException'{0x000000073503d0f0}> (0x000000073503d0f0) 
thrown [src/hotspot/share/prims/jni.cpp, line 517]
Event: 0.153 Thread 0x00007f9a74026280 Exception <a 'java/lang/NoSuchMethodError'{0x0000000735069b90}: 'java.lang.Object java.lang.invoke.DirectMethodHandle$Holder.invokeStaticInit(java.lang.Object)'> (0x0000000735069b90) 
thrown [src/hotspot/share/interpreter/linkResolver.cpp, line 771]
Event: 0.156 Thread 0x00007f9a74026280 Exception <a 'java/lang/NoSuchMethodError'{0x0000000735095f50}: 'int java.lang.invoke.DirectMethodHandle$Holder.invokeStaticInit(java.lang.Object, java.lang.Object, int, long)'> (0x0000000735095f50) 
thrown [src/hotspot/share/interpreter/linkResolver.cpp, line 771]
Event: 0.156 Thread 0x00007f9a74026280 Exception <a 'java/lang/NoSuchMethodError'{0x000000073509b908}: 'java.lang.Object java.lang.invoke.DirectMethodHandle$Holder.newInvokeSpecial(java.lang.Object, java.lang.Object, int)'> (0x000000073509b908) 
thrown [src/hotspot/share/interpreter/linkResolver.cpp, line 771]
Event: 0.158 Thread 0x00007f9a74026280 Exception <a 'java/lang/NoSuchMethodError'{0x00000007350ac010}: 'int java.lang.invoke.DirectMethodHandle$Holder.invokeStaticInit(java.lang.Object, java.lang.Object, long, long)'> (0x00000007350ac010) 
thrown [src/hotspot/share/interpreter/linkResolver.cpp, line 771]
Event: 0.158 Thread 0x00007f9a74026280 Exception <a 'java/lang/NoSuchMethodError'{0x00000007350b2120}: 'java.lang.Object java.lang.invoke.DirectMethodHandle$Holder.newInvokeSpecial(java.lang.Object, java.lang.Object, long)'> (0x00000007350b2120) 
thrown [src/hotspot/share/interpreter/linkResolver.cpp, line 771]
Event: 0.158 Thread 0x00007f9a74026280 Exception <a 'java/lang/NoSuchMethodError'{0x00000007350b6168}: 'java.lang.Object java.lang.invoke.Invokers$Holder.linkToTargetMethod(java.lang.Object, long, java.lang.Object)'> (0x00000007350b6168) 
thrown [src/hotspot/share/interpreter/linkResolver.cpp, line 771]
Event: 0.159 Thread 0x00007f9a74026280 Exception <a 'java/lang/NoSuchMethodError'{0x00000007350bd880}: 'int java.lang.invoke.DirectMethodHandle$Holder.invokeStaticInit(java.lang.Object, java.lang.Object, java.lang.Object, long)'> (0x00000007350bd880) 
thrown [src/hotspot/share/interpreter/linkResolver.cpp, line 771]
Event: 0.248 Thread 0x00007f9a74026280 Exception <a 'sun/nio/fs/UnixException'{0x0000000735163648}> (0x0000000735163648) 
thrown [src/hotspot/share/prims/jni.cpp, line 517]
Event: 0.251 Thread 0x00007f9a74026280 Exception <a 'sun/nio/fs/UnixException'{0x000000073516e380}> (0x000000073516e380) 
thrown [src/hotspot/share/prims/jni.cpp, line 517]

VM Operations (4 events):
Event: 0.062 Executing VM operation: HandshakeAllThreads
Event: 0.062 Executing VM operation: HandshakeAllThreads done
Event: 0.127 Executing VM operation: HandshakeAllThreads
Event: 0.127 Executing VM operation: HandshakeAllThreads done

Events (20 events):
Event: 0.253 loading class java/util/Formatter
Event: 0.253 loading class java/util/Formatter done
Event: 0.254 loading class java/util/Locale$Category
Event: 0.254 loading class java/util/Locale$Category done
Event: 0.254 loading class java/util/Formatter$FixedString
Event: 0.254 loading class java/util/Formatter$FormatString
Event: 0.254 loading class java/util/Formatter$FormatString done
Event: 0.254 loading class java/util/Formatter$FixedString done
Event: 0.254 loading class java/util/Formatter$Conversion
Event: 0.254 loading class java/util/Formatter$Conversion done
Event: 0.254 loading class java/util/Formatter$FormatSpecifier
Event: 0.255 loading class java/util/Formatter$FormatSpecifier done
Event: 0.255 loading class java/util/Formatter$Flags
Event: 0.255 loading class java/util/Formatter$Flags done
Event: 0.255 loading class java/util/Formattable
Event: 0.255 loading class java/util/Formattable done
Event: 0.259 loading class jdk/internal/misc/ScopedMemoryAccess$Scope
Event: 0.259 loading class jdk/internal/misc/ScopedMemoryAccess$Scope done
Event: 0.276 loading class java/util/function/IntFunction
Event: 0.277 loading class java/util/function/IntFunction done


Dynamic libraries:
40476000-40478000 r-xs 00000000 00:01 5225                               /memfd:/.glXXXXXX (deleted)
40802000-408b1000 rw-p 00000000 00:00 0 
727c00000-735600000 rw-p 00000000 00:00 0 
735600000-800000000 ---p 00000000 00:00 0 
800000000-800020000 rw-p 00000000 00:00 0 
800020000-800040000 rw-p 00000000 00:00 0 
800040000-8000a0000 rw-p 00000000 00:00 0 
8000a0000-8000c0000 ---p 00000000 00:00 0 
8000c0000-800100000 rw-p 00000000 00:00 0 
800100000-840000000 ---p 00000000 00:00 0 
55fd17e00000-55fd17e01000 r-xp 00000000 103:05 2359818                   /home/raaid/Downloads/idea/jbr/bin/java
55fd18001000-55fd18002000 r--p 00001000 103:05 2359818                   /home/raaid/Downloads/idea/jbr/bin/java
55fd18002000-55fd18003000 rw-p 00002000 103:05 2359818                   /home/raaid/Downloads/idea/jbr/bin/java
55fd18b40000-55fd18b88000 rw-p 00000000 00:00 0                          [heap]
7f9a08400000-7f9a08456000 r-xp 00000000 103:05 3687142                   /tmp/lwjgl_raaid/3.3.2-snapshot+8/x64/liblwjgl_opengl.so
7f9a08456000-7f9a08655000 ---p 00056000 103:05 3687142                   /tmp/lwjgl_raaid/3.3.2-snapshot+8/x64/liblwjgl_opengl.so
7f9a08655000-7f9a08656000 r--p 00055000 103:05 3687142                   /tmp/lwjgl_raaid/3.3.2-snapshot+8/x64/liblwjgl_opengl.so
7f9a08656000-7f9a08657000 rw-p 00056000 103:05 3687142                   /tmp/lwjgl_raaid/3.3.2-snapshot+8/x64/liblwjgl_opengl.so
7f9a08800000-7f9a08adb000 r-xp 00000000 103:05 3177518                   /usr/lib/x86_64-linux-gnu/libnvidia-glcore.so.525.78.01
7f9a08adb000-7f9a08afc000 rwxp 002db000 103:05 3177518                   /usr/lib/x86_64-linux-gnu/libnvidia-glcore.so.525.78.01
7f9a08afc000-7f9a0b001000 r-xp 002fc000 103:05 3177518                   /usr/lib/x86_64-linux-gnu/libnvidia-glcore.so.525.78.01
7f9a0b001000-7f9a0b1cc000 r--p 02800000 103:05 3177518                   /usr/lib/x86_64-linux-gnu/libnvidia-glcore.so.525.78.01
7f9a0b1cc000-7f9a0b23b000 rw-p 029cb000 103:05 3177518                   /usr/lib/x86_64-linux-gnu/libnvidia-glcore.so.525.78.01
7f9a0b23b000-7f9a0b27c000 rw-p 00000000 00:00 0 
7f9a0b400000-7f9a0b475000 r-xp 00000000 103:05 3177519                   /usr/lib/x86_64-linux-gnu/libnvidia-glsi.so.525.78.01
7f9a0b475000-7f9a0b674000 ---p 00075000 103:05 3177519                   /usr/lib/x86_64-linux-gnu/libnvidia-glsi.so.525.78.01
7f9a0b674000-7f9a0b69d000 r--p 00074000 103:05 3177519                   /usr/lib/x86_64-linux-gnu/libnvidia-glsi.so.525.78.01
7f9a0b69d000-7f9a0b69e000 rw-p 0009d000 103:05 3177519                   /usr/lib/x86_64-linux-gnu/libnvidia-glsi.so.525.78.01
7f9a0b69e000-7f9a0b6a6000 rw-p 00000000 00:00 0 
7f9a0b800000-7f9a0b840000 rw-p 00000000 00:00 0 
7f9a0b840000-7f9a0b880000 rw-p 00000000 00:00 0 
7f9a0b880000-7f9a0b950000 rw-p 00000000 00:00 0 
7f9a0b950000-7f9a0c000000 ---p 00000000 00:00 0 
7f9a0c000000-7f9a0c021000 rw-p 00000000 00:00 0 
7f9a0c021000-7f9a10000000 ---p 00000000 00:00 0 
7f9a10000000-7f9a100be000 rw-p 00000000 00:00 0 
7f9a100be000-7f9a14000000 ---p 00000000 00:00 0 
7f9a14000000-7f9a14021000 rw-p 00000000 00:00 0 
7f9a14021000-7f9a18000000 ---p 00000000 00:00 0 
7f9a18000000-7f9a18021000 rw-p 00000000 00:00 0 
7f9a18021000-7f9a1c000000 ---p 00000000 00:00 0 
7f9a1c000000-7f9a1c349000 rw-p 00000000 00:00 0 
7f9a1c349000-7f9a20000000 ---p 00000000 00:00 0 
7f9a20000000-7f9a20021000 rw-p 00000000 00:00 0 
7f9a20021000-7f9a24000000 ---p 00000000 00:00 0 
7f9a24000000-7f9a24021000 rw-p 00000000 00:00 0 
7f9a24021000-7f9a28000000 ---p 00000000 00:00 0 
7f9a28000000-7f9a28291000 rw-p 00000000 00:00 0 
7f9a28291000-7f9a2c000000 ---p 00000000 00:00 0 
7f9a2c000000-7f9a2c021000 rw-p 00000000 00:00 0 
7f9a2c021000-7f9a30000000 ---p 00000000 00:00 0 
7f9a30000000-7f9a30021000 rw-p 00000000 00:00 0 
7f9a30021000-7f9a34000000 ---p 00000000 00:00 0 
7f9a34000000-7f9a34021000 rw-p 00000000 00:00 0 
7f9a34021000-7f9a38000000 ---p 00000000 00:00 0 
7f9a38000000-7f9a38021000 rw-p 00000000 00:00 0 
7f9a38021000-7f9a3c000000 ---p 00000000 00:00 0 
7f9a3c000000-7f9a3c021000 rw-p 00000000 00:00 0 
7f9a3c021000-7f9a40000000 ---p 00000000 00:00 0 
7f9a40000000-7f9a40021000 rw-p 00000000 00:00 0 
7f9a40021000-7f9a44000000 ---p 00000000 00:00 0 
7f9a44000000-7f9a44021000 rw-p 00000000 00:00 0 
7f9a44021000-7f9a48000000 ---p 00000000 00:00 0 
7f9a4815b000-7f9a4825b000 rw-s 00000000 00:05 883                        /dev/nvidiactl
7f9a4825b000-7f9a48400000 rw-s 00000000 00:01 7170                       /memfd:/.nvidia_drv.XXXXXX (deleted)
7f9a48400000-7f9a48463000 r-xp 00000000 103:05 3687137                   /tmp/lwjgl_raaid/3.3.2-snapshot+8/x64/libglfw.so
7f9a48463000-7f9a48662000 ---p 00063000 103:05 3687137                   /tmp/lwjgl_raaid/3.3.2-snapshot+8/x64/libglfw.so
7f9a48662000-7f9a48665000 r--p 00062000 103:05 3687137                   /tmp/lwjgl_raaid/3.3.2-snapshot+8/x64/libglfw.so
7f9a48665000-7f9a48668000 rw-p 00065000 103:05 3687137                   /tmp/lwjgl_raaid/3.3.2-snapshot+8/x64/libglfw.so
7f9a48668000-7f9a4868b000 rw-p 00000000 00:00 0 
7f9a486da000-7f9a4872b000 r--p 00000000 103:05 3176215                   /usr/lib/x86_64-linux-gnu/libGLX_nvidia.so.525.78.01
7f9a4872b000-7f9a48784000 r-xp 00051000 103:05 3176215                   /usr/lib/x86_64-linux-gnu/libGLX_nvidia.so.525.78.01
7f9a48784000-7f9a487b9000 rwxp 000aa000 103:05 3176215                   /usr/lib/x86_64-linux-gnu/libGLX_nvidia.so.525.78.01
7f9a487b9000-7f9a487ba000 r-xp 000df000 103:05 3176215                   /usr/lib/x86_64-linux-gnu/libGLX_nvidia.so.525.78.01
7f9a487ba000-7f9a487d9000 r--p 000e0000 103:05 3176215                   /usr/lib/x86_64-linux-gnu/libGLX_nvidia.so.525.78.01
7f9a487d9000-7f9a487f9000 r--p 000fe000 103:05 3176215                   /usr/lib/x86_64-linux-gnu/libGLX_nvidia.so.525.78.01
7f9a487f9000-7f9a487fe000 rw-p 0011e000 103:05 3176215                   /usr/lib/x86_64-linux-gnu/libGLX_nvidia.so.525.78.01
7f9a487fe000-7f9a48800000 rw-p 00000000 00:00 0 
7f9a48800000-7f9a48871000 r-xp 00000000 103:05 3687136                   /tmp/lwjgl_raaid/3.3.2-snapshot+8/x64/liblwjgl.so
7f9a48871000-7f9a48a71000 ---p 00071000 103:05 3687136                   /tmp/lwjgl_raaid/3.3.2-snapshot+8/x64/liblwjgl.so
7f9a48a71000-7f9a48a72000 r--p 00071000 103:05 3687136                   /tmp/lwjgl_raaid/3.3.2-snapshot+8/x64/liblwjgl.so
7f9a48a72000-7f9a48a73000 rw-p 00072000 103:05 3687136                   /tmp/lwjgl_raaid/3.3.2-snapshot+8/x64/liblwjgl.so
7f9a48ac0000-7f9a48ad9000 r--p 00000000 103:05 3176240                   /usr/lib/x86_64-linux-gnu/libX11.so.6.4.0
7f9a48ad9000-7f9a48b65000 r-xp 00019000 103:05 3176240                   /usr/lib/x86_64-linux-gnu/libX11.so.6.4.0
7f9a48b65000-7f9a48bfa000 r--p 000a5000 103:05 3176240                   /usr/lib/x86_64-linux-gnu/libX11.so.6.4.0
7f9a48bfa000-7f9a48bfb000 ---p 0013a000 103:05 3176240                   /usr/lib/x86_64-linux-gnu/libX11.so.6.4.0
7f9a48bfb000-7f9a48bfc000 r--p 0013a000 103:05 3176240                   /usr/lib/x86_64-linux-gnu/libX11.so.6.4.0
7f9a48bfc000-7f9a48c00000 rw-p 0013b000 103:05 3176240                   /usr/lib/x86_64-linux-gnu/libX11.so.6.4.0
7f9a48c00000-7f9a48c14000 r-xp 00000000 103:05 2359623                   /home/raaid/Downloads/idea/jbr/lib/libnet.so
7f9a48c14000-7f9a48e14000 ---p 00014000 103:05 2359623                   /home/raaid/Downloads/idea/jbr/lib/libnet.so
7f9a48e14000-7f9a48e15000 r--p 00014000 103:05 2359623                   /home/raaid/Downloads/idea/jbr/lib/libnet.so
7f9a48e15000-7f9a48e16000 rw-p 00015000 103:05 2359623                   /home/raaid/Downloads/idea/jbr/lib/libnet.so
7f9a48f00000-7f9a48f04000 ---p 00000000 00:00 0 
7f9a48f04000-7f9a49000000 rw-p 00000000 00:00 0 
7f9a49000000-7f9a49012000 r-xp 00000000 103:05 2359649                   /home/raaid/Downloads/idea/jbr/lib/libnio.so
7f9a49012000-7f9a49211000 ---p 00012000 103:05 2359649                   /home/raaid/Downloads/idea/jbr/lib/libnio.so
7f9a49211000-7f9a49212000 r--p 00011000 103:05 2359649                   /home/raaid/Downloads/idea/jbr/lib/libnio.so
7f9a49212000-7f9a49213000 rw-p 00012000 103:05 2359649                   /home/raaid/Downloads/idea/jbr/lib/libnio.so
7f9a49277000-7f9a492ba000 r--p 00000000 103:05 3176200                   /usr/lib/x86_64-linux-gnu/libGL.so.1.7.0
7f9a492ba000-7f9a492d9000 r-xp 00043000 103:05 3176200                   /usr/lib/x86_64-linux-gnu/libGL.so.1.7.0
7f9a492d9000-7f9a492ee000 r--p 00062000 103:05 3176200                   /usr/lib/x86_64-linux-gnu/libGL.so.1.7.0
7f9a492ee000-7f9a492fc000 r--p 00076000 103:05 3176200                   /usr/lib/x86_64-linux-gnu/libGL.so.1.7.0
7f9a492fc000-7f9a492fd000 rw-p 00084000 103:05 3176200                   /usr/lib/x86_64-linux-gnu/libGL.so.1.7.0
7f9a492fd000-7f9a492fe000 rw-p 00000000 00:00 0 
7f9a492fe000-7f9a49302000 ---p 00000000 00:00 0 
7f9a49302000-7f9a493fe000 rw-p 00000000 00:00 0 
7f9a493fe000-7f9a493ff000 ---p 00000000 00:00 0 
7f9a493ff000-7f9a49500000 rw-p 00000000 00:00 0 
7f9a49500000-7f9a49504000 ---p 00000000 00:00 0 
7f9a49504000-7f9a49600000 rw-p 00000000 00:00 0 
7f9a49600000-7f9a49604000 ---p 00000000 00:00 0 
7f9a49604000-7f9a49700000 rw-p 00000000 00:00 0 
7f9a49700000-7f9a49704000 ---p 00000000 00:00 0 
7f9a49704000-7f9a49800000 rw-p 00000000 00:00 0 
7f9a49800000-7f9a49804000 ---p 00000000 00:00 0 
7f9a49804000-7f9a49900000 rw-p 00000000 00:00 0 
7f9a49900000-7f9a49904000 ---p 00000000 00:00 0 
7f9a49904000-7f9a49a00000 rw-p 00000000 00:00 0 
7f9a49a00000-7f9a49a04000 ---p 00000000 00:00 0 
7f9a49a04000-7f9a49b00000 rw-p 00000000 00:00 0 
7f9a49b00000-7f9a49b04000 ---p 00000000 00:00 0 
7f9a49b04000-7f9a49c00000 rw-p 00000000 00:00 0 
7f9a49c00000-7f9a4ab06000 r--p 00000000 103:05 3159480                   /usr/lib/locale/locale-archive
7f9a4ab40000-7f9a4abc0000 rw-s 00000000 00:05 883                        /dev/nvidiactl
7f9a4abc0000-7f9a4ac00000 rw-s 00000000 00:05 883                        /dev/nvidiactl
7f9a4ac00000-7f9a4ac07000 r-xp 00000000 103:05 2359773                   /home/raaid/Downloads/idea/jbr/lib/libzip.so
7f9a4ac07000-7f9a4ae06000 ---p 00007000 103:05 2359773                   /home/raaid/Downloads/idea/jbr/lib/libzip.so
7f9a4ae06000-7f9a4ae07000 r--p 00006000 103:05 2359773                   /home/raaid/Downloads/idea/jbr/lib/libzip.so
7f9a4ae07000-7f9a4ae08000 rw-p 00000000 00:00 0 
7f9a4ae20000-7f9a4ae40000 rw-s 00000000 00:05 883                        /dev/nvidiactl
7f9a4ae40000-7f9a4ae80000 rw-s 00000000 00:05 883                        /dev/nvidiactl
7f9a4ae80000-7f9a4af00000 rw-s 00000000 00:05 884                        /dev/nvidia0
7f9a4af00000-7f9a4af04000 ---p 00000000 00:00 0 
7f9a4af04000-7f9a4b400000 rw-p 00000000 00:00 0 
7f9a4b400000-7f9a4b440000 rw-p 00000000 00:00 0 
7f9a4b440000-7f9a4b480000 rw-p 00000000 00:00 0 
7f9a4b480000-7f9a4b500000 rw-p 00000000 00:00 0 
7f9a4b500000-7f9a4b700000 rw-p 00000000 00:00 0 
7f9a4b700000-7f9a4b780000 rw-p 00000000 00:00 0 
7f9a4b780000-7f9a4b7f0000 rw-p 00000000 00:00 0 
7f9a4b7f0000-7f9a4b800000 ---p 00000000 00:00 0 
7f9a4b81f000-7f9a4b83f000 rw-s 00000000 00:05 883                        /dev/nvidiactl
7f9a4b83f000-7f9a4b87f000 r--p 00000000 103:05 3176217                   /usr/lib/x86_64-linux-gnu/libGLdispatch.so.0.0.0
7f9a4b87f000-7f9a4b882000 r-xp 00040000 103:05 3176217                   /usr/lib/x86_64-linux-gnu/libGLdispatch.so.0.0.0
7f9a4b882000-7f9a4b8bd000 r-xp 00043000 103:05 3176217                   /usr/lib/x86_64-linux-gnu/libGLdispatch.so.0.0.0
7f9a4b8bd000-7f9a4b8be000 r-xp 0007e000 103:05 3176217                   /usr/lib/x86_64-linux-gnu/libGLdispatch.so.0.0.0
7f9a4b8be000-7f9a4b8d1000 r--p 0007f000 103:05 3176217                   /usr/lib/x86_64-linux-gnu/libGLdispatch.so.0.0.0
7f9a4b8d1000-7f9a4b8d2000 ---p 00092000 103:05 3176217                   /usr/lib/x86_64-linux-gnu/libGLdispatch.so.0.0.0
7f9a4b8d2000-7f9a4b8ee000 r--p 00092000 103:05 3176217                   /usr/lib/x86_64-linux-gnu/libGLdispatch.so.0.0.0
7f9a4b8ee000-7f9a4b8ef000 rw-p 000ae000 103:05 3176217                   /usr/lib/x86_64-linux-gnu/libGLdispatch.so.0.0.0
7f9a4b8ef000-7f9a4b8f7000 rw-p 00000000 00:00 0 
7f9a4b8f7000-7f9a4b8fb000 ---p 00000000 00:00 0 
7f9a4b8fb000-7f9a4b9f7000 rw-p 00000000 00:00 0 
7f9a4b9f7000-7f9a4b9f8000 ---p 00000000 00:00 0 
7f9a4b9f8000-7f9a4baf9000 rw-p 00000000 00:00 0 
7f9a4baf9000-7f9a4bafa000 ---p 00000000 00:00 0 
7f9a4bafa000-7f9a4bbfb000 rw-p 00000000 00:00 0 
7f9a4bbfb000-7f9a4bbfc000 ---p 00000000 00:00 0 
7f9a4bbfc000-7f9a4c000000 rw-p 00000000 00:00 0 
7f9a4c000000-7f9a4c021000 rw-p 00000000 00:00 0 
7f9a4c021000-7f9a50000000 ---p 00000000 00:00 0 
7f9a50000000-7f9a50021000 rw-p 00000000 00:00 0 
7f9a50021000-7f9a54000000 ---p 00000000 00:00 0 
7f9a54000000-7f9a54021000 rw-p 00000000 00:00 0 
7f9a54021000-7f9a58000000 ---p 00000000 00:00 0 
7f9a58019000-7f9a5a886000 rw-p 00000000 00:00 0 
7f9a5a886000-7f9a5db2e000 ---p 00000000 00:00 0 
7f9a5db2e000-7f9a5de96000 rw-p 00000000 00:00 0 
7f9a5de96000-7f9a6113e000 ---p 00000000 00:00 0 
7f9a6113e000-7f9a611ab000 rw-p 00000000 00:00 0 
7f9a611ab000-7f9a61800000 ---p 00000000 00:00 0 
7f9a61800000-7f9a61a70000 rwxp 00000000 00:00 0 
7f9a61a70000-7f9a61d92000 ---p 00000000 00:00 0 
7f9a61d92000-7f9a62002000 rwxp 00000000 00:00 0 
7f9a62002000-7f9a692c9000 ---p 00000000 00:00 0 
7f9a692c9000-7f9a69539000 rwxp 00000000 00:00 0 
7f9a69539000-7f9a70800000 ---p 00000000 00:00 0 
7f9a70800000-7f9a73f4e000 r--s 00000000 103:05 2359769                   /home/raaid/Downloads/idea/jbr/lib/modules
7f9a73f59000-7f9a73f99000 rw-s 00000000 00:05 883                        /dev/nvidiactl
7f9a73f99000-7f9a73fb9000 rw-s 00000000 00:05 883                        /dev/nvidiactl
7f9a73fb9000-7f9a73fbe000 r--p 00000000 103:05 3176722                   /usr/lib/x86_64-linux-gnu/libdrm.so.2.4.0
7f9a73fbe000-7f9a73fc9000 r-xp 00005000 103:05 3176722                   /usr/lib/x86_64-linux-gnu/libdrm.so.2.4.0
7f9a73fc9000-7f9a73fcd000 r--p 00010000 103:05 3176722                   /usr/lib/x86_64-linux-gnu/libdrm.so.2.4.0
7f9a73fcd000-7f9a73fce000 r--p 00013000 103:05 3176722                   /usr/lib/x86_64-linux-gnu/libdrm.so.2.4.0
7f9a73fce000-7f9a73fcf000 rw-p 00014000 103:05 3176722                   /usr/lib/x86_64-linux-gnu/libdrm.so.2.4.0
7f9a73fd0000-7f9a73fe3000 rw-s 00000000 00:05 883                        /dev/nvidiactl
7f9a73fe3000-7f9a73fee000 r--p 00000000 103:05 3178112                   /usr/lib/x86_64-linux-gnu/libxcb-glx.so.0.0.0
7f9a73fee000-7f9a73ff7000 r-xp 0000b000 103:05 3178112                   /usr/lib/x86_64-linux-gnu/libxcb-glx.so.0.0.0
7f9a73ff7000-7f9a73ffc000 r--p 00014000 103:05 3178112                   /usr/lib/x86_64-linux-gnu/libxcb-glx.so.0.0.0
7f9a73ffc000-7f9a73ffd000 ---p 00019000 103:05 3178112                   /usr/lib/x86_64-linux-gnu/libxcb-glx.so.0.0.0
7f9a73ffd000-7f9a73fff000 r--p 00019000 103:05 3178112                   /usr/lib/x86_64-linux-gnu/libxcb-glx.so.0.0.0
7f9a73fff000-7f9a74000000 rw-p 0001b000 103:05 3178112                   /usr/lib/x86_64-linux-gnu/libxcb-glx.so.0.0.0
7f9a74000000-7f9a74b81000 rw-p 00000000 00:00 0 
7f9a74b81000-7f9a78000000 ---p 00000000 00:00 0 
7f9a78006000-7f9a7800d000 r--s 00000000 103:05 3175501                   /usr/lib/x86_64-linux-gnu/gconv/gconv-modules.cache
7f9a7800d000-7f9a78010000 rw-s 00000000 00:05 883                        /dev/nvidiactl
7f9a78010000-7f9a78011000 r--p 00000000 103:05 3177538                   /usr/lib/x86_64-linux-gnu/libnvidia-tls.so.525.78.01
7f9a78011000-7f9a78013000 r-xp 00001000 103:05 3177538                   /usr/lib/x86_64-linux-gnu/libnvidia-tls.so.525.78.01
7f9a78013000-7f9a78014000 r--p 00003000 103:05 3177538                   /usr/lib/x86_64-linux-gnu/libnvidia-tls.so.525.78.01
7f9a78014000-7f9a78015000 r--p 00003000 103:05 3177538                   /usr/lib/x86_64-linux-gnu/libnvidia-tls.so.525.78.01
7f9a78015000-7f9a78016000 rw-p 00004000 103:05 3177538                   /usr/lib/x86_64-linux-gnu/libnvidia-tls.so.525.78.01
7f9a78016000-7f9a78019000 r--p 00000000 103:05 3176210                   /usr/lib/x86_64-linux-gnu/libGLX.so.0.0.0
7f9a78019000-7f9a78034000 r-xp 00003000 103:05 3176210                   /usr/lib/x86_64-linux-gnu/libGLX.so.0.0.0
7f9a78034000-7f9a78037000 r--p 0001e000 103:05 3176210                   /usr/lib/x86_64-linux-gnu/libGLX.so.0.0.0
7f9a78037000-7f9a78038000 ---p 00021000 103:05 3176210                   /usr/lib/x86_64-linux-gnu/libGLX.so.0.0.0
7f9a78038000-7f9a78039000 r--p 00021000 103:05 3176210                   /usr/lib/x86_64-linux-gnu/libGLX.so.0.0.0
7f9a78039000-7f9a7803a000 rw-p 00022000 103:05 3176210                   /usr/lib/x86_64-linux-gnu/libGLX.so.0.0.0
7f9a7803a000-7f9a7804a000 rw-p 00000000 00:00 0 
7f9a7804a000-7f9a7804c000 r--p 00000000 103:05 3176261                   /usr/lib/x86_64-linux-gnu/libXfixes.so.3.1.0
7f9a7804c000-7f9a7804f000 r-xp 00002000 103:05 3176261                   /usr/lib/x86_64-linux-gnu/libXfixes.so.3.1.0
7f9a7804f000-7f9a78050000 r--p 00005000 103:05 3176261                   /usr/lib/x86_64-linux-gnu/libXfixes.so.3.1.0
7f9a78050000-7f9a78051000 r--p 00006000 103:05 3176261                   /usr/lib/x86_64-linux-gnu/libXfixes.so.3.1.0
7f9a78051000-7f9a78052000 rw-p 00007000 103:05 3176261                   /usr/lib/x86_64-linux-gnu/libXfixes.so.3.1.0
7f9a78052000-7f9a78054000 r--p 00000000 103:05 3176253                   /usr/lib/x86_64-linux-gnu/libXcursor.so.1.0.2
7f9a78054000-7f9a7805a000 r-xp 00002000 103:05 3176253                   /usr/lib/x86_64-linux-gnu/libXcursor.so.1.0.2
7f9a7805a000-7f9a7805c000 r--p 00008000 103:05 3176253                   /usr/lib/x86_64-linux-gnu/libXcursor.so.1.0.2
7f9a7805c000-7f9a7805d000 r--p 00009000 103:05 3176253                   /usr/lib/x86_64-linux-gnu/libXcursor.so.1.0.2
7f9a7805d000-7f9a7805e000 rw-p 0000a000 103:05 3176253                   /usr/lib/x86_64-linux-gnu/libXcursor.so.1.0.2
7f9a7805e000-7f9a78060000 r--p 00000000 103:05 3176279                   /usr/lib/x86_64-linux-gnu/libXrender.so.1.3.0
7f9a78060000-7f9a78067000 r-xp 00002000 103:05 3176279                   /usr/lib/x86_64-linux-gnu/libXrender.so.1.3.0
7f9a78067000-7f9a78069000 r--p 00009000 103:05 3176279                   /usr/lib/x86_64-linux-gnu/libXrender.so.1.3.0
7f9a78069000-7f9a7806a000 r--p 0000a000 103:05 3176279                   /usr/lib/x86_64-linux-gnu/libXrender.so.1.3.0
7f9a7806a000-7f9a7806b000 rw-p 0000b000 103:05 3176279                   /usr/lib/x86_64-linux-gnu/libXrender.so.1.3.0
7f9a7806b000-7f9a7826d000 rw-p 00000000 00:00 0 
7f9a7826d000-7f9a7826e000 ---p 00000000 00:00 0 
7f9a7826e000-7f9a7836f000 rw-p 00000000 00:00 0 
7f9a7836f000-7f9a78370000 ---p 00000000 00:00 0 
7f9a78370000-7f9a78471000 rw-p 00000000 00:00 0 
7f9a78471000-7f9a78472000 ---p 00000000 00:00 0 
7f9a78472000-7f9a785e0000 rw-p 00000000 00:00 0 
7f9a785e0000-7f9a78c35000 ---p 00000000 00:00 0 
7f9a78c35000-7f9a78ca2000 rw-p 00000000 00:00 0 
7f9a78ca2000-7f9a792f7000 ---p 00000000 00:00 0 
7f9a792f7000-7f9a79c00000 rw-p 00000000 00:00 0 
7f9a79c00000-7f9a79c23000 r-xp 00000000 103:05 2359765                   /home/raaid/Downloads/idea/jbr/lib/libjava.so
7f9a79c23000-7f9a79e23000 ---p 00023000 103:05 2359765                   /home/raaid/Downloads/idea/jbr/lib/libjava.so
7f9a79e23000-7f9a79e24000 r--p 00023000 103:05 2359765                   /home/raaid/Downloads/idea/jbr/lib/libjava.so
7f9a79e24000-7f9a79e25000 rw-p 00024000 103:05 2359765                   /home/raaid/Downloads/idea/jbr/lib/libjava.so
7f9a79e25000-7f9a79e26000 rw-p 00000000 00:00 0 
7f9a79e26000-7f9a79e27000 rw-s 00000000 00:05 883                        /dev/nvidiactl
7f9a79e27000-7f9a79e2b000 rw-s 00000000 00:05 883                        /dev/nvidiactl
7f9a79e2b000-7f9a79e2e000 r--p 00000000 103:05 3176267                   /usr/lib/x86_64-linux-gnu/libXi.so.6.1.0
7f9a79e2e000-7f9a79e3a000 r-xp 00003000 103:05 3176267                   /usr/lib/x86_64-linux-gnu/libXi.so.6.1.0
7f9a79e3a000-7f9a79e3d000 r--p 0000f000 103:05 3176267                   /usr/lib/x86_64-linux-gnu/libXi.so.6.1.0
7f9a79e3d000-7f9a79e3e000 r--p 00011000 103:05 3176267                   /usr/lib/x86_64-linux-gnu/libXi.so.6.1.0
7f9a79e3e000-7f9a79e3f000 rw-p 00012000 103:05 3176267                   /usr/lib/x86_64-linux-gnu/libXi.so.6.1.0
7f9a79e3f000-7f9a79e43000 r--p 00000000 103:05 3176259                   /usr/lib/x86_64-linux-gnu/libXext.so.6.4.0
7f9a79e43000-7f9a79e4e000 r-xp 00004000 103:05 3176259                   /usr/lib/x86_64-linux-gnu/libXext.so.6.4.0
7f9a79e4e000-7f9a79e52000 r--p 0000f000 103:05 3176259                   /usr/lib/x86_64-linux-gnu/libXext.so.6.4.0
7f9a79e52000-7f9a79e53000 r--p 00012000 103:05 3176259                   /usr/lib/x86_64-linux-gnu/libXext.so.6.4.0
7f9a79e53000-7f9a79e54000 rw-p 00013000 103:05 3176259                   /usr/lib/x86_64-linux-gnu/libXext.so.6.4.0
7f9a79e54000-7f9a79e5f000 r--p 00000000 103:05 3178144                   /usr/lib/x86_64-linux-gnu/libxcb.so.1.1.0
7f9a79e5f000-7f9a79e73000 r-xp 0000b000 103:05 3178144                   /usr/lib/x86_64-linux-gnu/libxcb.so.1.1.0
7f9a79e73000-7f9a79e7c000 r--p 0001f000 103:05 3178144                   /usr/lib/x86_64-linux-gnu/libxcb.so.1.1.0
7f9a79e7c000-7f9a79e7d000 r--p 00027000 103:05 3178144                   /usr/lib/x86_64-linux-gnu/libxcb.so.1.1.0
7f9a79e7d000-7f9a79e7e000 rw-p 00028000 103:05 3178144                   /usr/lib/x86_64-linux-gnu/libxcb.so.1.1.0
7f9a79e7e000-7f9a7a000000 rw-p 00000000 00:00 0 
7f9a7a000000-7f9a7a01b000 r-xp 00000000 103:05 2359659                   /home/raaid/Downloads/idea/jbr/lib/libjimage.so
7f9a7a01b000-7f9a7a21a000 ---p 0001b000 103:05 2359659                   /home/raaid/Downloads/idea/jbr/lib/libjimage.so
7f9a7a21a000-7f9a7a21c000 r--p 0001a000 103:05 2359659                   /home/raaid/Downloads/idea/jbr/lib/libjimage.so
7f9a7a21c000-7f9a7a21d000 rw-p 0001c000 103:05 2359659                   /home/raaid/Downloads/idea/jbr/lib/libjimage.so
7f9a7a21d000-7f9a7a21f000 r--p 00000000 103:05 3176277                   /usr/lib/x86_64-linux-gnu/libXrandr.so.2.2.0
7f9a7a21f000-7f9a7a226000 r-xp 00002000 103:05 3176277                   /usr/lib/x86_64-linux-gnu/libXrandr.so.2.2.0
7f9a7a226000-7f9a7a228000 r--p 00009000 103:05 3176277                   /usr/lib/x86_64-linux-gnu/libXrandr.so.2.2.0
7f9a7a228000-7f9a7a229000 r--p 0000a000 103:05 3176277                   /usr/lib/x86_64-linux-gnu/libXrandr.so.2.2.0
7f9a7a229000-7f9a7a22a000 rw-p 0000b000 103:05 3176277                   /usr/lib/x86_64-linux-gnu/libXrandr.so.2.2.0
7f9a7a22a000-7f9a7a22f000 rw-p 00000000 00:00 0 
7f9a7a22f000-7f9a7a315000 ---p 00000000 00:00 0 
7f9a7a315000-7f9a7a31a000 rw-p 00000000 00:00 0 
7f9a7a31a000-7f9a7a400000 ---p 00000000 00:00 0 
7f9a7a400000-7f9a7b625000 r-xp 00000000 103:05 2359646                   /home/raaid/Downloads/idea/jbr/lib/server/libjvm.so
7f9a7b625000-7f9a7b825000 ---p 01225000 103:05 2359646                   /home/raaid/Downloads/idea/jbr/lib/server/libjvm.so
7f9a7b825000-7f9a7b8de000 r--p 01225000 103:05 2359646                   /home/raaid/Downloads/idea/jbr/lib/server/libjvm.so
7f9a7b8de000-7f9a7b913000 rw-p 012de000 103:05 2359646                   /home/raaid/Downloads/idea/jbr/lib/server/libjvm.so
7f9a7b913000-7f9a7b96d000 rw-p 00000000 00:00 0 
7f9a7b96d000-7f9a7b96f000 rw-s 00000000 00:01 5225                       /memfd:/.glXXXXXX (deleted)
7f9a7b96f000-7f9a7b970000 r--p 00000000 103:05 3176238                   /usr/lib/x86_64-linux-gnu/libX11-xcb.so.1.0.0
7f9a7b970000-7f9a7b971000 r-xp 00001000 103:05 3176238                   /usr/lib/x86_64-linux-gnu/libX11-xcb.so.1.0.0
7f9a7b971000-7f9a7b972000 r--p 00002000 103:05 3176238                   /usr/lib/x86_64-linux-gnu/libX11-xcb.so.1.0.0
7f9a7b972000-7f9a7b973000 r--p 00002000 103:05 3176238                   /usr/lib/x86_64-linux-gnu/libX11-xcb.so.1.0.0
7f9a7b973000-7f9a7b974000 rw-p 00003000 103:05 3176238                   /usr/lib/x86_64-linux-gnu/libX11-xcb.so.1.0.0
7f9a7b974000-7f9a7ba00000 rw-p 00000000 00:00 0 
7f9a7ba00000-7f9a7ba28000 r--p 00000000 103:05 3176553                   /usr/lib/x86_64-linux-gnu/libc.so.6
7f9a7ba28000-7f9a7bbbd000 r-xp 00028000 103:05 3176553                   /usr/lib/x86_64-linux-gnu/libc.so.6
7f9a7bbbd000-7f9a7bc15000 r--p 001bd000 103:05 3176553                   /usr/lib/x86_64-linux-gnu/libc.so.6
7f9a7bc15000-7f9a7bc19000 r--p 00214000 103:05 3176553                   /usr/lib/x86_64-linux-gnu/libc.so.6
7f9a7bc19000-7f9a7bc1b000 rw-p 00218000 103:05 3176553                   /usr/lib/x86_64-linux-gnu/libc.so.6
7f9a7bc1b000-7f9a7bc28000 rw-p 00000000 00:00 0 
7f9a7bc28000-7f9a7bc2a000 rw-s 00000000 00:05 883                        /dev/nvidiactl
7f9a7bc2a000-7f9a7bc2c000 r--p 00000000 103:05 3177359                   /usr/lib/x86_64-linux-gnu/libmd.so.0.0.5
7f9a7bc2c000-7f9a7bc33000 r-xp 00002000 103:05 3177359                   /usr/lib/x86_64-linux-gnu/libmd.so.0.0.5
7f9a7bc33000-7f9a7bc35000 r--p 00009000 103:05 3177359                   /usr/lib/x86_64-linux-gnu/libmd.so.0.0.5
7f9a7bc35000-7f9a7bc36000 r--p 0000a000 103:05 3177359                   /usr/lib/x86_64-linux-gnu/libmd.so.0.0.5
7f9a7bc36000-7f9a7bc37000 rw-p 0000b000 103:05 3177359                   /usr/lib/x86_64-linux-gnu/libmd.so.0.0.5
7f9a7bc37000-7f9a7bc3b000 r--p 00000000 103:05 3176545                   /usr/lib/x86_64-linux-gnu/libbsd.so.0.11.5
7f9a7bc3b000-7f9a7bc48000 r-xp 00004000 103:05 3176545                   /usr/lib/x86_64-linux-gnu/libbsd.so.0.11.5
7f9a7bc48000-7f9a7bc4b000 r--p 00011000 103:05 3176545                   /usr/lib/x86_64-linux-gnu/libbsd.so.0.11.5
7f9a7bc4b000-7f9a7bc4c000 ---p 00014000 103:05 3176545                   /usr/lib/x86_64-linux-gnu/libbsd.so.0.11.5
7f9a7bc4c000-7f9a7bc4d000 r--p 00014000 103:05 3176545                   /usr/lib/x86_64-linux-gnu/libbsd.so.0.11.5
7f9a7bc4d000-7f9a7bc4e000 rw-p 00015000 103:05 3176545                   /usr/lib/x86_64-linux-gnu/libbsd.so.0.11.5
7f9a7bc4e000-7f9a7bd00000 rw-p 00000000 00:00 0 
7f9a7bd00000-7f9a7bd04000 ---p 00000000 00:00 0 
7f9a7bd04000-7f9a7be00000 rw-p 00000000 00:00 0 
7f9a7be00000-7f9a7be0e000 r-xp 00000000 103:05 2359661                   /home/raaid/Downloads/idea/jbr/lib/libjli.so
7f9a7be0e000-7f9a7c00e000 ---p 0000e000 103:05 2359661                   /home/raaid/Downloads/idea/jbr/lib/libjli.so
7f9a7c00e000-7f9a7c00f000 r--p 0000e000 103:05 2359661                   /home/raaid/Downloads/idea/jbr/lib/libjli.so
7f9a7c00f000-7f9a7c010000 rw-p 0000f000 103:05 2359661                   /home/raaid/Downloads/idea/jbr/lib/libjli.so
7f9a7c010000-7f9a7c011000 r--p 00000000 103:05 3176269                   /usr/lib/x86_64-linux-gnu/libXinerama.so.1.0.0
7f9a7c011000-7f9a7c012000 r-xp 00001000 103:05 3176269                   /usr/lib/x86_64-linux-gnu/libXinerama.so.1.0.0
7f9a7c012000-7f9a7c013000 r--p 00002000 103:05 3176269                   /usr/lib/x86_64-linux-gnu/libXinerama.so.1.0.0
7f9a7c013000-7f9a7c014000 r--p 00003000 103:05 3176269                   /usr/lib/x86_64-linux-gnu/libXinerama.so.1.0.0
7f9a7c014000-7f9a7c015000 rw-p 00004000 103:05 3176269                   /usr/lib/x86_64-linux-gnu/libXinerama.so.1.0.0
7f9a7c015000-7f9a7c016000 r--p 00000000 103:05 3176295                   /usr/lib/x86_64-linux-gnu/libXxf86vm.so.1.0.0
7f9a7c016000-7f9a7c019000 r-xp 00001000 103:05 3176295                   /usr/lib/x86_64-linux-gnu/libXxf86vm.so.1.0.0
7f9a7c019000-7f9a7c01a000 r--p 00004000 103:05 3176295                   /usr/lib/x86_64-linux-gnu/libXxf86vm.so.1.0.0
7f9a7c01a000-7f9a7c01b000 r--p 00004000 103:05 3176295                   /usr/lib/x86_64-linux-gnu/libXxf86vm.so.1.0.0
7f9a7c01b000-7f9a7c01c000 rw-p 00005000 103:05 3176295                   /usr/lib/x86_64-linux-gnu/libXxf86vm.so.1.0.0
7f9a7c01c000-7f9a7c01e000 r--p 00000000 103:05 3176257                   /usr/lib/x86_64-linux-gnu/libXdmcp.so.6.0.0
7f9a7c01e000-7f9a7c020000 r-xp 00002000 103:05 3176257                   /usr/lib/x86_64-linux-gnu/libXdmcp.so.6.0.0
7f9a7c020000-7f9a7c022000 r--p 00004000 103:05 3176257                   /usr/lib/x86_64-linux-gnu/libXdmcp.so.6.0.0
7f9a7c022000-7f9a7c023000 r--p 00005000 103:05 3176257                   /usr/lib/x86_64-linux-gnu/libXdmcp.so.6.0.0
7f9a7c023000-7f9a7c024000 rw-p 00006000 103:05 3176257                   /usr/lib/x86_64-linux-gnu/libXdmcp.so.6.0.0
7f9a7c024000-7f9a7c028000 rw-s 00000000 00:05 883                        /dev/nvidiactl
7f9a7c028000-7f9a7c038000 rw-s 00000000 00:05 884                        /dev/nvidia0
7f9a7c038000-7f9a7c03d000 rw-p 00000000 00:00 0 
7f9a7c03d000-7f9a7c044000 ---p 00000000 00:00 0 
7f9a7c044000-7f9a7c052000 r--p 00000000 103:05 3177345                   /usr/lib/x86_64-linux-gnu/libm.so.6
7f9a7c052000-7f9a7c0ce000 r-xp 0000e000 103:05 3177345                   /usr/lib/x86_64-linux-gnu/libm.so.6
7f9a7c0ce000-7f9a7c129000 r--p 0008a000 103:05 3177345                   /usr/lib/x86_64-linux-gnu/libm.so.6
7f9a7c129000-7f9a7c12a000 r--p 000e4000 103:05 3177345                   /usr/lib/x86_64-linux-gnu/libm.so.6
7f9a7c12a000-7f9a7c12b000 rw-p 000e5000 103:05 3177345                   /usr/lib/x86_64-linux-gnu/libm.so.6
7f9a7c12b000-7f9a7c12c000 r--p 00000000 103:05 3177787                   /usr/lib/x86_64-linux-gnu/librt.so.1
7f9a7c12c000-7f9a7c12d000 r-xp 00001000 103:05 3177787                   /usr/lib/x86_64-linux-gnu/librt.so.1
7f9a7c12d000-7f9a7c12e000 r--p 00002000 103:05 3177787                   /usr/lib/x86_64-linux-gnu/librt.so.1
7f9a7c12e000-7f9a7c12f000 r--p 00002000 103:05 3177787                   /usr/lib/x86_64-linux-gnu/librt.so.1
7f9a7c12f000-7f9a7c130000 rw-p 00003000 103:05 3177787                   /usr/lib/x86_64-linux-gnu/librt.so.1
7f9a7c130000-7f9a7c134000 rw-p 00000000 00:00 0 
7f9a7c134000-7f9a7c135000 r--p 00000000 103:05 3176710                   /usr/lib/x86_64-linux-gnu/libdl.so.2
7f9a7c135000-7f9a7c136000 r-xp 00001000 103:05 3176710                   /usr/lib/x86_64-linux-gnu/libdl.so.2
7f9a7c136000-7f9a7c137000 r--p 00002000 103:05 3176710                   /usr/lib/x86_64-linux-gnu/libdl.so.2
7f9a7c137000-7f9a7c138000 r--p 00002000 103:05 3176710                   /usr/lib/x86_64-linux-gnu/libdl.so.2
7f9a7c138000-7f9a7c139000 rw-p 00003000 103:05 3176710                   /usr/lib/x86_64-linux-gnu/libdl.so.2
7f9a7c139000-7f9a7c13a000 r--p 00000000 103:05 3177736                   /usr/lib/x86_64-linux-gnu/libpthread.so.0
7f9a7c13a000-7f9a7c13b000 r-xp 00001000 103:05 3177736                   /usr/lib/x86_64-linux-gnu/libpthread.so.0
7f9a7c13b000-7f9a7c13c000 r--p 00002000 103:05 3177736                   /usr/lib/x86_64-linux-gnu/libpthread.so.0
7f9a7c13c000-7f9a7c13d000 r--p 00002000 103:05 3177736                   /usr/lib/x86_64-linux-gnu/libpthread.so.0
7f9a7c13d000-7f9a7c13e000 rw-p 00003000 103:05 3177736                   /usr/lib/x86_64-linux-gnu/libpthread.so.0
7f9a7c13e000-7f9a7c140000 r--p 00000000 103:05 3178189                   /usr/lib/x86_64-linux-gnu/libz.so.1.2.11
7f9a7c140000-7f9a7c151000 r-xp 00002000 103:05 3178189                   /usr/lib/x86_64-linux-gnu/libz.so.1.2.11
7f9a7c151000-7f9a7c157000 r--p 00013000 103:05 3178189                   /usr/lib/x86_64-linux-gnu/libz.so.1.2.11
7f9a7c157000-7f9a7c158000 ---p 00019000 103:05 3178189                   /usr/lib/x86_64-linux-gnu/libz.so.1.2.11
7f9a7c158000-7f9a7c159000 r--p 00019000 103:05 3178189                   /usr/lib/x86_64-linux-gnu/libz.so.1.2.11
7f9a7c159000-7f9a7c15a000 rw-p 0001a000 103:05 3178189                   /usr/lib/x86_64-linux-gnu/libz.so.1.2.11
7f9a7c15a000-7f9a7c15b000 rw-s 00000000 00:05 884                        /dev/nvidia0
7f9a7c15b000-7f9a7c15c000 rw-s 00000000 00:05 883                        /dev/nvidiactl
7f9a7c15c000-7f9a7c15d000 rw-s 00000000 00:05 883                        /dev/nvidiactl
7f9a7c15d000-7f9a7c15e000 rw-s 00044000 00:01 7170                       /memfd:/.nvidia_drv.XXXXXX (deleted)
7f9a7c15e000-7f9a7c15f000 r--p 00000000 103:05 3176246                   /usr/lib/x86_64-linux-gnu/libXau.so.6.0.0
7f9a7c15f000-7f9a7c161000 r-xp 00001000 103:05 3176246                   /usr/lib/x86_64-linux-gnu/libXau.so.6.0.0
7f9a7c161000-7f9a7c162000 r--p 00003000 103:05 3176246                   /usr/lib/x86_64-linux-gnu/libXau.so.6.0.0
7f9a7c162000-7f9a7c163000 r--p 00003000 103:05 3176246                   /usr/lib/x86_64-linux-gnu/libXau.so.6.0.0
7f9a7c163000-7f9a7c164000 rw-p 00004000 103:05 3176246                   /usr/lib/x86_64-linux-gnu/libXau.so.6.0.0
7f9a7c164000-7f9a7c16c000 rw-s 00000000 103:05 3687130                   /tmp/hsperfdata_raaid/10766
7f9a7c16c000-7f9a7c16d000 ---p 00000000 00:00 0 
7f9a7c16d000-7f9a7c16e000 r--p 00000000 00:00 0 
7f9a7c16e000-7f9a7c170000 rw-p 00000000 00:00 0 
7f9a7c170000-7f9a7c172000 r--p 00000000 103:05 3176023                   /usr/lib/x86_64-linux-gnu/ld-linux-x86-64.so.2
7f9a7c172000-7f9a7c19c000 r-xp 00002000 103:05 3176023                   /usr/lib/x86_64-linux-gnu/ld-linux-x86-64.so.2
7f9a7c19c000-7f9a7c1a7000 r--p 0002c000 103:05 3176023                   /usr/lib/x86_64-linux-gnu/ld-linux-x86-64.so.2
7f9a7c1a7000-7f9a7c1a8000 ---p 00000000 00:00 0 
7f9a7c1a8000-7f9a7c1aa000 r--p 00037000 103:05 3176023                   /usr/lib/x86_64-linux-gnu/ld-linux-x86-64.so.2
7f9a7c1aa000-7f9a7c1ac000 rw-p 00039000 103:05 3176023                   /usr/lib/x86_64-linux-gnu/ld-linux-x86-64.so.2
7fff5e2f0000-7fff5e312000 rw-p 00000000 00:00 0                          [stack]
7fff5e3a3000-7fff5e3a7000 r--p 00000000 00:00 0                          [vvar]
7fff5e3a7000-7fff5e3a9000 r-xp 00000000 00:00 0                          [vdso]
ffffffffff600000-ffffffffff601000 --xp 00000000 00:00 0                  [vsyscall]


VM Arguments:
jvm_args: -Dfile.encoding=UTF-8 -Duser.country=ZA -Duser.language=en -Duser.variant 
java_command: org.example.Main
java_class_path (initial): /home/raaid/IdeaProjects/GLTESTS/build/classes/java/main:/home/raaid/IdeaProjects/GLTESTS/build/resources/main:/home/raaid/.gradle/caches/modules-2/files-2.1/org.lwjgl/lwjgl-assimp/3.3.2-SNAPSHOT/90540305183187c3fa4b5530cb387b1924881ee9/lwjgl-assimp-3.3.2-SNAPSHOT.jar:/home/raaid/.gradle/caches/modules-2/files-2.1/org.lwjgl/lwjgl-assimp/3.3.2-SNAPSHOT/db5359b613d8c5c60f0e72ea56543cb1374fa275/lwjgl-assimp-3.3.2-SNAPSHOT-natives-linux.jar:/home/raaid/.gradle/caches/modules-2/files-2.1/org.lwjgl/lwjgl-glfw/3.3.2-SNAPSHOT/ceab429c31e1275fc3ab8850f629123706c19604/lwjgl-glfw-3.3.2-SNAPSHOT.jar:/home/raaid/.gradle/caches/modules-2/files-2.1/org.lwjgl/lwjgl-glfw/3.3.2-SNAPSHOT/d61b03a5e850bee6b3cb7c5a1e870c4abaad5378/lwjgl-glfw-3.3.2-SNAPSHOT-natives-linux.jar:/home/raaid/.gradle/caches/modules-2/files-2.1/org.lwjgl/lwjgl-openal/3.3.2-SNAPSHOT/8ee4e0221954b2620aa3dd93db4879443ae12993/lwjgl-openal-3.3.2-SNAPSHOT.jar:/home/raaid/.gradle/caches/modules-2/files-2.1/org.lwjgl/lwjgl-openal/3.3.2-SNAPSHOT/193f08ac0cc0367d074166935236d22a992d5a85/lwjgl-openal-3.3.2-SNAPSHOT-natives-linux.jar:/home/raaid/.gradle/caches/modules-2/files-2.1/org.lwjgl/lwjgl-opengl/3.3.2-SNAPSHOT/c1052a3183aafa35f8df72b0fae4585f292fc86f/lwjgl-opengl-3.3.2-SNAPSHOT.jar:/home/raaid/.gradle/caches/modules-2/files-2.1/org.lwjgl/lwjgl-opengl/3.3.2-SNAPSHOT/d9cba41ef2c9b6931da23b72931cb2df211d42f3/lwjgl-opengl-3.3.2-SNAPSHOT-natives-linux.jar:/home/raaid/.gradle/caches/modules-2/files-2.1/org.lwjgl/lwjgl-stb/3.3.2-SNAPSHOT/ae8c67e295b7c7794d5c91aec77f4726b792ba51/lwjgl-stb-3.3.2-SNAPSHOT.jar:/home/raaid/.gradle/caches/modules-2/files-2.1/org.lwjgl/lwjgl-stb/3.3.2-SNAPSHOT/42831ab270ecf343c60d47cedb942ac0eb83b888/lwjgl-stb-3.3.2-SNAPSHOT-natives-linux.jar:/home/raaid/.gradle/caches/modules-2/files-2.1/org.lwjgl/lwjgl/3.3.2-SNAPSHOT/8e6900a0423bf88e071c8f182696c4d1bc704778/lwjgl-3.3.2-SNAPSHOT.jar:/home/raaid/.gradle/caches/modules-2/files-2.1/org.lwjgl/lwjgl/3.3.2-SNAPSHOT/454fe518
Launcher Type: SUN_STANDARD

[Global flags]
     intx CICompilerCount                          = 4                                         {product} {ergonomic}
     uint ConcGCThreads                            = 3                                         {product} {ergonomic}
     uint G1ConcRefinementThreads                  = 10                                        {product} {ergonomic}
   size_t G1HeapRegionSize                         = 2097152                                   {product} {ergonomic}
    uintx GCDrainStackTargetSize                   = 64                                        {product} {ergonomic}
   size_t InitialHeapSize                          = 228589568                                 {product} {ergonomic}
   size_t MarkStackSize                            = 4194304                                   {product} {ergonomic}
   size_t MaxHeapSize                              = 3628072960                                {product} {ergonomic}
   size_t MaxNewSize                               = 2176843776                                {product} {ergonomic}
   size_t MinHeapDeltaBytes                        = 2097152                                   {product} {ergonomic}
   size_t MinHeapSize                              = 8388608                                   {product} {ergonomic}
    uintx NonNMethodCodeHeapSize                   = 5839372                                {pd product} {ergonomic}
    uintx NonProfiledCodeHeapSize                  = 122909434                              {pd product} {ergonomic}
    uintx ProfiledCodeHeapSize                     = 122909434                              {pd product} {ergonomic}
    uintx ReservedCodeCacheSize                    = 251658240                              {pd product} {ergonomic}
     bool SegmentedCodeCache                       = true                                      {product} {ergonomic}
   size_t SoftMaxHeapSize                          = 3628072960                             {manageable} {ergonomic}
     bool UseCompressedClassPointers               = true                           {product lp64_product} {ergonomic}
     bool UseCompressedOops                        = true                           {product lp64_product} {ergonomic}
     bool UseG1GC                                  = true                                      {product} {ergonomic}

Logging:
Log output configuration:
 #0: stdout all=warning uptime,level,tags
 #1: stderr all=off uptime,level,tags

Environment Variables:
PATH=/usr/local/sbin:/usr/local/bin:/usr/sbin:/usr/bin:/sbin:/bin:/usr/games:/usr/local/games:/snap/bin:/snap/bin
USERNAME=raaid
SHELL=/bin/bash
DISPLAY=:1
LANG=en_ZA.UTF-8
TERM=xterm

Signal Handlers:
   SIGSEGV: crash_handler in libjvm.so, mask=11100100010111111101111111111110, flags=SA_RESTART|SA_SIGINFO
    SIGBUS: crash_handler in libjvm.so, mask=11100100010111111101111111111110, flags=SA_RESTART|SA_SIGINFO
    SIGFPE: crash_handler in libjvm.so, mask=11100100010111111101111111111110, flags=SA_RESTART|SA_SIGINFO
   SIGPIPE: javaSignalHandler in libjvm.so, mask=11100100010111111101111111111110, flags=SA_RESTART|SA_SIGINFO
   SIGXFSZ: javaSignalHandler in libjvm.so, mask=11100100010111111101111111111110, flags=SA_RESTART|SA_SIGINFO
    SIGILL: crash_handler in libjvm.so, mask=11100100010111111101111111111110, flags=SA_RESTART|SA_SIGINFO
   SIGUSR2: SR_handler in libjvm.so, mask=00100000000000000000000000000000, flags=SA_RESTART|SA_SIGINFO
    SIGHUP: SIG_IGN, mask=00000000000000000000000000000000, flags=none
    SIGINT: UserHandler in libjvm.so, mask=11100100010111111101111111111110, flags=SA_RESTART|SA_SIGINFO
   SIGTERM: UserHandler in libjvm.so, mask=11100100010111111101111111111110, flags=SA_RESTART|SA_SIGINFO
   SIGQUIT: UserHandler in libjvm.so, mask=11100100010111111101111111111110, flags=SA_RESTART|SA_SIGINFO
  *** Handler was modified!
  *** Expected: javaSignalHandler in libjvm.so, mask=11100100110111111111111111111110, flags=SA_RESTART|SA_SIGINFO
   SIGTRAP: crash_handler in libjvm.so, mask=11100100010111111101111111111110, flags=SA_RESTART|SA_SIGINFO


---------------  S Y S T E M  ---------------

OS:
DISTRIB_ID=Pop
DISTRIB_RELEASE=22.04
DISTRIB_CODENAME=jammy
DISTRIB_DESCRIPTION="Pop!_OS 22.04 LTS"
uname: Linux 6.0.12-76060006-generic #202212290932~1673966427~22.04~e15d5b5 SMP PREEMPT_DYNAMIC Tue J x86_64
OS uptime: 0 days 1:27 hours
libc: glibc 2.35 NPTL 2.35 
rlimit (soft/hard): STACK 8192k/infinity , CORE 0k/infinity , NPROC 54836/54836 , NOFILE 1048576/1048576 , AS infinity/infinity , CPU infinity/infinity , DATA infinity/infinity , FSIZE infinity/infinity , MEMLOCK 1770672k/1770672k
load average: 1.67 1.01 0.57

/proc/meminfo:
MemTotal:       14165384 kB
MemFree:         4032156 kB
MemAvailable:    6234248 kB
Buffers:           85696 kB
Cached:          2935656 kB
SwapCached:            0 kB
Active:          1127220 kB
Inactive:        8094672 kB
Active(anon):       3836 kB
Inactive(anon):  6209060 kB
Active(file):    1123384 kB
Inactive(file):  1885612 kB
Unevictable:           0 kB
Mlocked:               0 kB
SwapTotal:      14164988 kB
SwapFree:       14164988 kB
Zswap:                 0 kB
Zswapped:              0 kB
Dirty:               548 kB
Writeback:             0 kB
AnonPages:       6176432 kB
Mapped:          1293932 kB
Shmem:             21672 kB
KReclaimable:     130268 kB
Slab:             281312 kB
SReclaimable:     130268 kB
SUnreclaim:       151044 kB
KernelStack:       21676 kB
PageTables:        41408 kB
NFS_Unstable:          0 kB
Bounce:                0 kB
WritebackTmp:          0 kB
CommitLimit:    21247680 kB
Committed_AS:   10195844 kB
VmallocTotal:   34359738367 kB
VmallocUsed:      246208 kB
VmallocChunk:          0 kB
Percpu:            20480 kB
HardwareCorrupted:     0 kB
AnonHugePages:         0 kB
ShmemHugePages:        0 kB
ShmemPmdMapped:        0 kB
FileHugePages:         0 kB
FilePmdMapped:         0 kB
HugePages_Total:       0
HugePages_Free:        0
HugePages_Rsvd:        0
HugePages_Surp:        0
Hugepagesize:       2048 kB
Hugetlb:               0 kB
DirectMap4k:      647628 kB
DirectMap2M:     9687040 kB
DirectMap1G:     4194304 kB

/sys/kernel/mm/transparent_hugepage/enabled: always [madvise] never
/sys/kernel/mm/transparent_hugepage/defrag (defrag/compaction efforts parameter): always defer defer+madvise [madvise] never

Process Memory:
Virtual Size: 6485020K (peak: 6485020K)
Resident Set Size: 90572K (peak: 90572K) (anon: 47920K, file: 42568K, shmem: 84K)
Swapped out: 0K
C-Heap outstanding allocations: 43876K, retained: 2843K
glibc malloc tunables: (default)

/proc/sys/kernel/threads-max (system-wide limit on the number of threads): 109672
/proc/sys/vm/max_map_count (maximum number of memory map areas a process may have): 65530
/proc/sys/kernel/pid_max (system-wide limit on number of process identifiers): 4194304

container (cgroup) information:
container_type: cgroupv2
cpu_cpuset_cpus: not supported
cpu_memory_nodes: not supported
active_processor_count: 12
cpu_quota: not supported
cpu_period: not supported
cpu_shares: not supported
memory_limit_in_bytes: unlimited
memory_and_swap_limit_in_bytes: unlimited
memory_soft_limit_in_bytes: unlimited
memory_usage_in_bytes: 5140456 k
memory_max_usage_in_bytes: not supported
maximum number of tasks: 16450
current number of tasks: 348

Steal ticks since vm start: 0
Steal ticks percentage since vm start:  0.000

CPU: total 12 (initial active 12) (12 cores per cpu, 2 threads per core) family 25 model 80 stepping 0 microcode 0xa50000c, cx8, cmov, fxsr, ht, mmx, 3dnowpref, sse, sse2, sse3, ssse3, sse4a, sse4.1, sse4.2, popcnt, lzcnt, tsc, tscinvbit, avx, avx2, aes, erms, clmul, bmi1, bmi2, adx, sha, fma, vzeroupper, clflush, clflushopt
CPU Model and flags from /proc/cpuinfo:
model name	: AMD Ryzen 5 5600H with Radeon Graphics
flags		: fpu vme de pse tsc msr pae mce cx8 apic sep mtrr pge mca cmov pat pse36 clflush mmx fxsr sse sse2 ht syscall nx mmxext fxsr_opt pdpe1gb rdtscp lm constant_tsc rep_good nopl nonstop_tsc cpuid extd_apicid aperfmperf rapl pni pclmulqdq monitor ssse3 fma cx16 sse4_1 sse4_2 movbe popcnt aes xsave avx f16c rdrand lahf_lm cmp_legacy svm extapic cr8_legacy abm sse4a misalignsse 3dnowprefetch osvw ibs skinit wdt tce topoext perfctr_core perfctr_nb bpext perfctr_llc mwaitx cpb cat_l3 cdp_l3 hw_pstate ssbd mba ibrs ibpb stibp vmmcall fsgsbase bmi1 avx2 smep bmi2 erms invpcid cqm rdt_a rdseed adx smap clflushopt clwb sha_ni xsaveopt xsavec xgetbv1 xsaves cqm_llc cqm_occup_llc cqm_mbm_total cqm_mbm_local clzero irperf xsaveerptr rdpru wbnoinvd cppc arat npt lbrv svm_lock nrip_save tsc_scale vmcb_clean flushbyasid decodeassists pausefilter pfthreshold avic v_vmsave_vmload vgif v_spec_ctrl umip pku ospke vaes vpclmulqdq rdpid overflow_recov succor smca fsrm

Online cpus: 0-11
Offline cpus: 12-15
BIOS frequency limitation: <Not Available>
Frequency switch latency (ns): 131072
Available cpu frequencies: <Not Available>
Current governor: ondemand
Core performance/turbo boost: 1

Memory: 4k page, physical 14165384k(4032156k free), swap 14164988k(14164988k free)
Page Sizes: 4k

vm_info: OpenJDK 64-Bit Server VM (17.0.5+1-b653.23) for linux-amd64 JRE (17.0.5+1-b653.23), built on 2022-12-12 by "builduser" with gcc 8.3.1 20190311 (Red Hat 8.3.1-3)

END.
